{
    "message": "OTP sent to email",
    "context": {
        "email": "dulakshigamma@gmail.com"
    },
    "level": 200,
    "level_name": "INFO",
    "channel": "library_system",
    "datetime": "2026-02-28T06:08:32.530783+01:00",
    "extra": {
        "user_agent": "Mozilla/5.0 (Windows NT 10.0; Win64; x64) AppleWebKit/537.36 (KHTML, like Gecko) Chrome/145.0.0.0 Safari/537.36",
        "ip_location": "Private Network, Local",
        "url": "/LMS/public/member/index.php?action=validateemail",
        "ip": "::1",
        "http_method": "POST",
        "server": "localhost",
        "referrer": "http://localhost/LMS/public/member/index.php?action=register"
    }
}
{
    "message": "OTP sent to email",
    "context": {
        "email": "dulakshigamma@gmail.com"
    },
    "level": 200,
    "level_name": "INFO",
    "channel": "library_system",
    "datetime": "2026-02-28T06:11:10.865109+01:00",
    "extra": {
        "user_agent": "Mozilla/5.0 (Windows NT 10.0; Win64; x64) AppleWebKit/537.36 (KHTML, like Gecko) Chrome/145.0.0.0 Safari/537.36",
        "ip_location": "Private Network, Local",
        "url": "/LMS/public/member/index.php?action=validateemail",
        "ip": "::1",
        "http_method": "POST",
        "server": "localhost",
        "referrer": "http://localhost/LMS/public/member/index.php?action=register"
    }
}
{
    "message": "Invalid OTP entered",
    "context": {
        "email": "dulakshigamma@gmail.com"
    },
    "level": 300,
    "level_name": "WARNING",
    "channel": "library_system",
    "datetime": "2026-02-28T06:11:31.672115+01:00",
    "extra": {
        "user_agent": "Mozilla/5.0 (Windows NT 10.0; Win64; x64) AppleWebKit/537.36 (KHTML, like Gecko) Chrome/145.0.0.0 Safari/537.36",
        "ip_location": "Private Network, Local",
        "url": "/LMS/public/member/index.php?action=verifyotp",
        "ip": "::1",
        "http_method": "POST",
        "server": "localhost",
        "referrer": "http://localhost/LMS/public/member/index.php?action=register"
    }
}
{
    "message": "OTP verified successfully",
    "context": {
        "email": "dulakshigamma@gmail.com"
    },
    "level": 200,
    "level_name": "INFO",
    "channel": "library_system",
    "datetime": "2026-02-28T06:11:58.945891+01:00",
    "extra": {
        "user_agent": "Mozilla/5.0 (Windows NT 10.0; Win64; x64) AppleWebKit/537.36 (KHTML, like Gecko) Chrome/145.0.0.0 Safari/537.36",
        "ip_location": "Private Network, Local",
        "url": "/LMS/public/member/index.php?action=verifyotp",
        "ip": "::1",
        "http_method": "POST",
        "server": "localhost",
        "referrer": "http://localhost/LMS/public/member/index.php?action=register"
    }
}
{
    "message": "Payment process started successfully.",
    "context": {},
    "level": 200,
    "level_name": "INFO",
    "channel": "library_system",
    "datetime": "2026-02-28T06:13:13.412886+01:00",
    "extra": {
        "user_agent": "Mozilla/5.0 (Windows NT 10.0; Win64; x64) AppleWebKit/537.36 (KHTML, like Gecko) Chrome/145.0.0.0 Safari/537.36",
        "ip_location": "Private Network, Local",
        "url": "/LMS/public/member/index.php?action=showPayment",
        "ip": "::1",
        "http_method": "POST",
        "server": "localhost",
        "referrer": "http://localhost/LMS/public/member/index.php?action=register"
    }
}
{
    "message": "Received PayHere Response.",
    "context": {
        "response": {
            "transactionId": "69a2796960089"
        }
    },
    "level": 200,
    "level_name": "INFO",
    "channel": "library_system",
    "datetime": "2026-02-28T06:14:06.577915+01:00",
    "extra": {
        "user_agent": "Mozilla/5.0 (Windows NT 10.0; Win64; x64) AppleWebKit/537.36 (KHTML, like Gecko) Chrome/145.0.0.0 Safari/537.36",
        "ip_location": "Private Network, Local",
        "url": "/LMS/public/member/index.php?action=payment_notify",
        "ip": "::1",
        "http_method": "POST",
        "server": "localhost",
        "referrer": "http://localhost/LMS/public/member/index.php?action=register"
    }
}
{
    "message": "Payment successful for transactionId: 69a2796960089",
    "context": {},
    "level": 200,
    "level_name": "INFO",
    "channel": "library_system",
    "datetime": "2026-02-28T06:14:06.578828+01:00",
    "extra": {
        "user_agent": "Mozilla/5.0 (Windows NT 10.0; Win64; x64) AppleWebKit/537.36 (KHTML, like Gecko) Chrome/145.0.0.0 Safari/537.36",
        "ip_location": "Private Network, Local",
        "url": "/LMS/public/member/index.php?action=payment_notify",
        "ip": "::1",
        "http_method": "POST",
        "server": "localhost",
        "referrer": "http://localhost/LMS/public/member/index.php?action=register"
    }
}
{
    "message": "New member registered",
    "context": {
        "member_id": 18,
        "email": "dulakshigamma@gmail.com"
    },
    "level": 200,
    "level_name": "INFO",
    "channel": "library_system",
    "datetime": "2026-02-28T06:14:06.774398+01:00",
    "extra": {
        "user_agent": "Mozilla/5.0 (Windows NT 10.0; Win64; x64) AppleWebKit/537.36 (KHTML, like Gecko) Chrome/145.0.0.0 Safari/537.36",
        "ip_location": "Private Network, Local",
        "url": "/LMS/public/member/index.php?action=registerMember",
        "ip": "::1",
        "http_method": "POST",
        "server": "localhost",
        "referrer": "http://localhost/LMS/public/member/index.php?action=register"
    }
}
{
    "message": "Login attempt",
    "context": {
        "staffid": "S-000001",
        "remember_me": false
    },
    "level": 200,
    "level_name": "INFO",
    "channel": "library_system",
    "datetime": "2026-02-28T06:14:38.580535+01:00",
    "extra": {
        "user_agent": "Mozilla/5.0 (Windows NT 10.0; Win64; x64) AppleWebKit/537.36 (KHTML, like Gecko) Chrome/145.0.0.0 Safari/537.36",
        "ip_location": "Private Network, Local",
        "url": "/LMS/public/staff/index.php?action=loginProcess",
        "ip": "::1",
        "http_method": "POST",
        "server": "localhost",
        "referrer": "http://localhost/LMS/public/staff/index.php"
    }
}
{
    "message": "Failed login attempt",
    "context": {
        "staffid": "S-000001"
    },
    "level": 300,
    "level_name": "WARNING",
    "channel": "library_system",
    "datetime": "2026-02-28T06:14:38.778363+01:00",
    "extra": {
        "user_agent": "Mozilla/5.0 (Windows NT 10.0; Win64; x64) AppleWebKit/537.36 (KHTML, like Gecko) Chrome/145.0.0.0 Safari/537.36",
        "ip_location": "Private Network, Local",
        "url": "/LMS/public/staff/index.php?action=loginProcess",
        "ip": "::1",
        "http_method": "POST",
        "server": "localhost",
        "referrer": "http://localhost/LMS/public/staff/index.php"
    }
}
{
    "message": "Login attempt",
    "context": {
        "staffid": "S-000001",
        "remember_me": false
    },
    "level": 200,
    "level_name": "INFO",
    "channel": "library_system",
    "datetime": "2026-02-28T06:14:42.902560+01:00",
    "extra": {
        "user_agent": "Mozilla/5.0 (Windows NT 10.0; Win64; x64) AppleWebKit/537.36 (KHTML, like Gecko) Chrome/145.0.0.0 Safari/537.36",
        "ip_location": "Private Network, Local",
        "url": "/LMS/public/staff/index.php?action=loginProcess",
        "ip": "::1",
        "http_method": "POST",
        "server": "localhost",
        "referrer": "http://localhost/LMS/public/staff/index.php"
    }
}
{
    "message": "Session initialized for staff_id: S-000001",
    "context": {},
    "level": 200,
    "level_name": "INFO",
    "channel": "library_system",
    "datetime": "2026-02-28T06:14:43.064422+01:00",
    "extra": {
        "user_agent": "Mozilla/5.0 (Windows NT 10.0; Win64; x64) AppleWebKit/537.36 (KHTML, like Gecko) Chrome/145.0.0.0 Safari/537.36",
        "ip_location": "Private Network, Local",
        "url": "/LMS/public/staff/index.php?action=loginProcess",
        "ip": "::1",
        "http_method": "POST",
        "server": "localhost",
        "referrer": "http://localhost/LMS/public/staff/index.php"
    }
}
{
    "message": "Cleared cookie",
    "context": {
        "cookie_name": "staff_remember_token"
    },
    "level": 200,
    "level_name": "INFO",
    "channel": "library_system",
    "datetime": "2026-02-28T06:14:43.069287+01:00",
    "extra": {
        "user_agent": "Mozilla/5.0 (Windows NT 10.0; Win64; x64) AppleWebKit/537.36 (KHTML, like Gecko) Chrome/145.0.0.0 Safari/537.36",
        "ip_location": "Private Network, Local",
        "url": "/LMS/public/staff/index.php?action=loginProcess",
        "ip": "::1",
        "http_method": "POST",
        "server": "localhost",
        "referrer": "http://localhost/LMS/public/staff/index.php"
    }
}
{
    "message": "Loaded modules for role",
    "context": {
        "role": 1,
        "modules_count": 7
    },
    "level": 200,
    "level_name": "INFO",
    "channel": "library_system",
    "datetime": "2026-02-28T06:14:43.104044+01:00",
    "extra": {
        "user_agent": "Mozilla/5.0 (Windows NT 10.0; Win64; x64) AppleWebKit/537.36 (KHTML, like Gecko) Chrome/145.0.0.0 Safari/537.36",
        "ip_location": "Private Network, Local",
        "url": "/LMS/public/staff/index.php?action=loginProcess",
        "ip": "::1",
        "http_method": "POST",
        "server": "localhost",
        "referrer": "http://localhost/LMS/public/staff/index.php"
    }
}
{
    "message": "Login successful",
    "context": {
        "staff_id": "S-000001"
    },
    "level": 200,
    "level_name": "INFO",
    "channel": "library_system",
    "datetime": "2026-02-28T06:14:43.104202+01:00",
    "extra": {
        "user_agent": "Mozilla/5.0 (Windows NT 10.0; Win64; x64) AppleWebKit/537.36 (KHTML, like Gecko) Chrome/145.0.0.0 Safari/537.36",
        "ip_location": "Private Network, Local",
        "url": "/LMS/public/staff/index.php?action=loginProcess",
        "ip": "::1",
        "http_method": "POST",
        "server": "localhost",
        "referrer": "http://localhost/LMS/public/staff/index.php"
    }
}
{
    "message": "Membership approved",
    "context": {
        "id": "18",
        "memberID": "M-000016"
    },
    "level": 200,
    "level_name": "INFO",
    "channel": "library_system",
    "datetime": "2026-02-28T06:15:00.389332+01:00",
    "extra": {
        "user_agent": "Mozilla/5.0 (Windows NT 10.0; Win64; x64) AppleWebKit/537.36 (KHTML, like Gecko) Chrome/145.0.0.0 Safari/537.36",
        "ip_location": "Private Network, Local",
        "url": "/LMS/public/staff/index.php?action=approvemembership",
        "ip": "::1",
        "http_method": "POST",
        "server": "localhost",
        "referrer": "http://localhost/LMS/public/staff/index.php?action=viewmemberrequests"
    }
}
{
    "message": "Approval email sent",
    "context": {
        "email": "dulakshigamma@gmail.com"
    },
    "level": 200,
    "level_name": "INFO",
    "channel": "library_system",
    "datetime": "2026-02-28T06:15:03.614726+01:00",
    "extra": {
        "user_agent": "Mozilla/5.0 (Windows NT 10.0; Win64; x64) AppleWebKit/537.36 (KHTML, like Gecko) Chrome/145.0.0.0 Safari/537.36",
        "ip_location": "Private Network, Local",
        "url": "/LMS/public/staff/index.php?action=approvemembership",
        "ip": "::1",
        "http_method": "POST",
        "server": "localhost",
        "referrer": "http://localhost/LMS/public/staff/index.php?action=viewmemberrequests"
    }
}
{
    "message": "Notification inserted successfully",
    "context": {
        "email": "dulakshigamma@gmail.com"
    },
    "level": 200,
    "level_name": "INFO",
    "channel": "library_system",
    "datetime": "2026-02-28T06:15:03.643375+01:00",
    "extra": {
        "user_agent": "Mozilla/5.0 (Windows NT 10.0; Win64; x64) AppleWebKit/537.36 (KHTML, like Gecko) Chrome/145.0.0.0 Safari/537.36",
        "ip_location": "Private Network, Local",
        "url": "/LMS/public/staff/index.php?action=approvemembership",
        "ip": "::1",
        "http_method": "POST",
        "server": "localhost",
        "referrer": "http://localhost/LMS/public/staff/index.php?action=viewmemberrequests"
    }
}
{
    "message": "Password reset successful",
    "context": {
        "user_id": "18"
    },
    "level": 200,
    "level_name": "INFO",
    "channel": "library_system",
    "datetime": "2026-02-28T06:15:46.466569+01:00",
    "extra": {
        "user_agent": "Mozilla/5.0 (Windows NT 10.0; Win64; x64) AppleWebKit/537.36 (KHTML, like Gecko) Chrome/145.0.0.0 Safari/537.36",
        "ip_location": "Private Network, Local",
        "url": "/LMS/public/member/index.php?action=resetpassword",
        "ip": "::1",
        "http_method": "POST",
        "server": "localhost",
        "referrer": "http://localhost/LMS/public/member/index.php?action=showresetpw&id=18"
    }
}
{
    "message": "Login attempt received",
    "context": {
        "member_id": "M-000016"
    },
    "level": 200,
    "level_name": "INFO",
    "channel": "library_system",
    "datetime": "2026-02-28T06:16:10.780231+01:00",
    "extra": {
        "user_agent": "Mozilla/5.0 (Windows NT 10.0; Win64; x64) AppleWebKit/537.36 (KHTML, like Gecko) Chrome/145.0.0.0 Safari/537.36",
        "ip_location": "Private Network, Local",
        "url": "/LMS/public/member/index.php?action=memberlogin",
        "ip": "::1",
        "http_method": "POST",
        "server": "localhost",
        "referrer": "http://localhost/LMS/public/member/index.php?action=login"
    }
}
{
    "message": "Session initialized for member_id: M-000016",
    "context": {},
    "level": 200,
    "level_name": "INFO",
    "channel": "library_system",
    "datetime": "2026-02-28T06:16:10.952226+01:00",
    "extra": {
        "user_agent": "Mozilla/5.0 (Windows NT 10.0; Win64; x64) AppleWebKit/537.36 (KHTML, like Gecko) Chrome/145.0.0.0 Safari/537.36",
        "ip_location": "Private Network, Local",
        "url": "/LMS/public/member/index.php?action=memberlogin",
        "ip": "::1",
        "http_method": "POST",
        "server": "localhost",
        "referrer": "http://localhost/LMS/public/member/index.php?action=login"
    }
}
{
    "message": "Remember me token set",
    "context": {
        "member_id": "M-000016"
    },
    "level": 200,
    "level_name": "INFO",
    "channel": "library_system",
    "datetime": "2026-02-28T06:16:11.125049+01:00",
    "extra": {
        "user_agent": "Mozilla/5.0 (Windows NT 10.0; Win64; x64) AppleWebKit/537.36 (KHTML, like Gecko) Chrome/145.0.0.0 Safari/537.36",
        "ip_location": "Private Network, Local",
        "url": "/LMS/public/member/index.php?action=memberlogin",
        "ip": "::1",
        "http_method": "POST",
        "server": "localhost",
        "referrer": "http://localhost/LMS/public/member/index.php?action=login"
    }
}
{
    "message": "User successfully logged in",
    "context": {
        "member_id": "M-000016"
    },
    "level": 200,
    "level_name": "INFO",
    "channel": "library_system",
    "datetime": "2026-02-28T06:16:11.125279+01:00",
    "extra": {
        "user_agent": "Mozilla/5.0 (Windows NT 10.0; Win64; x64) AppleWebKit/537.36 (KHTML, like Gecko) Chrome/145.0.0.0 Safari/537.36",
        "ip_location": "Private Network, Local",
        "url": "/LMS/public/member/index.php?action=memberlogin",
        "ip": "::1",
        "http_method": "POST",
        "server": "localhost",
        "referrer": "http://localhost/LMS/public/member/index.php?action=login"
    }
}
{
    "message": "Attempting to update profile",
    "context": {
        "nic": "200234543877",
        "fname": "Tharushi",
        "lname": "Perera"
    },
    "level": 200,
    "level_name": "INFO",
    "channel": "library_system",
    "datetime": "2026-02-28T06:17:37.288217+01:00",
    "extra": {
        "user_agent": "Mozilla/5.0 (Windows NT 10.0; Win64; x64) AppleWebKit/537.36 (KHTML, like Gecko) Chrome/145.0.0.0 Safari/537.36",
        "ip_location": "Private Network, Local",
        "url": "/LMS/public/member/index.php?action=updateprofile",
        "ip": "::1",
        "http_method": "POST",
        "server": "localhost",
        "referrer": "http://localhost/LMS/public/member/index.php?action=profile"
    }
}
{
    "message": "Profile updated successfully with new image",
    "context": {
        "nic": "200234543877",
        "new_image": "69a27a7146c08_0bdebca90892743ff750313be4650e78.jpg"
    },
    "level": 200,
    "level_name": "INFO",
    "channel": "library_system",
    "datetime": "2026-02-28T06:17:37.327168+01:00",
    "extra": {
        "user_agent": "Mozilla/5.0 (Windows NT 10.0; Win64; x64) AppleWebKit/537.36 (KHTML, like Gecko) Chrome/145.0.0.0 Safari/537.36",
        "ip_location": "Private Network, Local",
        "url": "/LMS/public/member/index.php?action=updateprofile",
        "ip": "::1",
        "http_method": "POST",
        "server": "localhost",
        "referrer": "http://localhost/LMS/public/member/index.php?action=profile"
    }
}
{
    "message": "Book saved successfully",
    "context": {
        "member_id": 18,
        "book_id": "B-000009"
    },
    "level": 200,
    "level_name": "INFO",
    "channel": "library_system",
    "datetime": "2026-02-28T06:17:58.945485+01:00",
    "extra": {
        "user_agent": "Mozilla/5.0 (Windows NT 10.0; Win64; x64) AppleWebKit/537.36 (KHTML, like Gecko) Chrome/145.0.0.0 Safari/537.36",
        "ip_location": "Private Network, Local",
        "url": "/LMS/public/member/index.php?action=save",
        "ip": "::1",
        "http_method": "POST",
        "server": "localhost",
        "referrer": "http://localhost/LMS/public/member/index.php?action=dashboard"
    }
}
{
    "message": "Book reserved successfully",
    "context": {
        "member_id": 18,
        "book_id": "B-000009"
    },
    "level": 200,
    "level_name": "INFO",
    "channel": "library_system",
    "datetime": "2026-02-28T06:18:07.416692+01:00",
    "extra": {
        "user_agent": "Mozilla/5.0 (Windows NT 10.0; Win64; x64) AppleWebKit/537.36 (KHTML, like Gecko) Chrome/145.0.0.0 Safari/537.36",
        "ip_location": "Private Network, Local",
        "url": "/LMS/public/member/index.php?action=reserve",
        "ip": "::1",
        "http_method": "POST",
        "server": "localhost",
        "referrer": "http://localhost/LMS/public/member/index.php?action=dashboard"
    }
}
{
    "message": "Failed to reserve book",
    "context": {
        "member_id": 18,
        "book_id": "B-000009",
        "error": "Book already reserved!"
    },
    "level": 300,
    "level_name": "WARNING",
    "channel": "library_system",
    "datetime": "2026-02-28T06:18:17.228396+01:00",
    "extra": {
        "user_agent": "Mozilla/5.0 (Windows NT 10.0; Win64; x64) AppleWebKit/537.36 (KHTML, like Gecko) Chrome/145.0.0.0 Safari/537.36",
        "ip_location": "Private Network, Local",
        "url": "/LMS/public/member/index.php?action=reserve",
        "ip": "::1",
        "http_method": "POST",
        "server": "localhost",
        "referrer": "http://localhost/LMS/public/member/index.php?action=viewMyLibrary"
    }
}
{
    "message": "Book reserved successfully",
    "context": {
        "member_id": 18,
        "book_id": "B-000010"
    },
    "level": 200,
    "level_name": "INFO",
    "channel": "library_system",
    "datetime": "2026-02-28T06:18:44.179842+01:00",
    "extra": {
        "user_agent": "Mozilla/5.0 (Windows NT 10.0; Win64; x64) AppleWebKit/537.36 (KHTML, like Gecko) Chrome/145.0.0.0 Safari/537.36",
        "ip_location": "Private Network, Local",
        "url": "/LMS/public/member/index.php?action=reserve",
        "ip": "::1",
        "http_method": "POST",
        "server": "localhost",
        "referrer": "http://localhost/LMS/public/member/index.php?action=dashboard"
    }
}
{
    "message": "Added to waiting list",
    "context": {
        "member_id": 18,
        "book_id": "B-000007"
    },
    "level": 200,
    "level_name": "INFO",
    "channel": "library_system",
    "datetime": "2026-02-28T06:19:43.480176+01:00",
    "extra": {
        "user_agent": "Mozilla/5.0 (Windows NT 10.0; Win64; x64) AppleWebKit/537.36 (KHTML, like Gecko) Chrome/145.0.0.0 Safari/537.36",
        "ip_location": "Private Network, Local",
        "url": "/LMS/public/member/index.php?action=reserve",
        "ip": "::1",
        "http_method": "POST",
        "server": "localhost",
        "referrer": "http://localhost/LMS/public/member/index.php?action=showallbooks"
    }
}
{
    "message": "Reservation cancelled successfully",
    "context": {
        "reservation_id": "12"
    },
    "level": 200,
    "level_name": "INFO",
    "channel": "library_system",
    "datetime": "2026-02-28T06:20:01.233185+01:00",
    "extra": {
        "user_agent": "Mozilla/5.0 (Windows NT 10.0; Win64; x64) AppleWebKit/537.36 (KHTML, like Gecko) Chrome/145.0.0.0 Safari/537.36",
        "ip_location": "Private Network, Local",
        "url": "/LMS/public/member/index.php?action=cancelreservation",
        "ip": "::1",
        "http_method": "POST",
        "server": "localhost",
        "referrer": "http://localhost/LMS/public/member/index.php?action=reservedbooks"
    }
}
{
    "message": "Failed to issue book",
    "context": {
        "book_id": "B-000018",
        "member_id": "M-000016",
        "error_message": "No copies available for this book."
    },
    "level": 400,
    "level_name": "ERROR",
    "channel": "library_system",
    "datetime": "2026-02-28T06:21:04.068797+01:00",
    "extra": {
        "user_agent": "Mozilla/5.0 (Windows NT 10.0; Win64; x64) AppleWebKit/537.36 (KHTML, like Gecko) Chrome/145.0.0.0 Safari/537.36",
        "ip_location": "Private Network, Local",
        "url": "/LMS/public/staff/index.php?action=issuebook",
        "ip": "::1",
        "http_method": "POST",
        "server": "localhost",
        "referrer": "http://localhost/LMS/public/staff/index.php?action=showissuebook"
    }
}
{
    "message": "Book issued successfully",
    "context": {
        "book_id": "B-000014",
        "member_id": "M-000016",
        "issue_date": "2026-02-28",
        "due_date": "2026-03-14",
        "email": "dulakshigamma@gmail.com"
    },
    "level": 200,
    "level_name": "INFO",
    "channel": "library_system",
    "datetime": "2026-02-28T06:22:02.973623+01:00",
    "extra": {
        "user_agent": "Mozilla/5.0 (Windows NT 10.0; Win64; x64) AppleWebKit/537.36 (KHTML, like Gecko) Chrome/145.0.0.0 Safari/537.36",
        "ip_location": "Private Network, Local",
        "url": "/LMS/public/staff/index.php?action=issuebook",
        "ip": "::1",
        "http_method": "POST",
        "server": "localhost",
        "referrer": "http://localhost/LMS/public/staff/index.php?action=showissuebook"
    }
}
{
    "message": "Issue book email sent",
    "context": {
        "email": "dulakshigamma@gmail.com",
        "book_id": "B-000014",
        "sent": "success"
    },
    "level": 200,
    "level_name": "INFO",
    "channel": "library_system",
    "datetime": "2026-02-28T06:22:06.824473+01:00",
    "extra": {
        "user_agent": "Mozilla/5.0 (Windows NT 10.0; Win64; x64) AppleWebKit/537.36 (KHTML, like Gecko) Chrome/145.0.0.0 Safari/537.36",
        "ip_location": "Private Network, Local",
        "url": "/LMS/public/staff/index.php?action=issuebook",
        "ip": "::1",
        "http_method": "POST",
        "server": "localhost",
        "referrer": "http://localhost/LMS/public/staff/index.php?action=showissuebook"
    }
}
{
    "message": "Notification inserted successfully",
    "context": {
        "email": "dulakshigamma@gmail.com"
    },
    "level": 200,
    "level_name": "INFO",
    "channel": "library_system",
    "datetime": "2026-02-28T06:22:06.836871+01:00",
    "extra": {
        "user_agent": "Mozilla/5.0 (Windows NT 10.0; Win64; x64) AppleWebKit/537.36 (KHTML, like Gecko) Chrome/145.0.0.0 Safari/537.36",
        "ip_location": "Private Network, Local",
        "url": "/LMS/public/staff/index.php?action=issuebook",
        "ip": "::1",
        "http_method": "POST",
        "server": "localhost",
        "referrer": "http://localhost/LMS/public/staff/index.php?action=showissuebook"
    }
}
{
    "message": "Book issued successfully",
    "context": {
        "book_id": "B-000001",
        "member_id": "M-000016",
        "issue_date": "2026-02-12",
        "due_date": "2026-02-26",
        "email": "dulakshigamma@gmail.com"
    },
    "level": 200,
    "level_name": "INFO",
    "channel": "library_system",
    "datetime": "2026-02-28T06:22:53.763627+01:00",
    "extra": {
        "user_agent": "Mozilla/5.0 (Windows NT 10.0; Win64; x64) AppleWebKit/537.36 (KHTML, like Gecko) Chrome/145.0.0.0 Safari/537.36",
        "ip_location": "Private Network, Local",
        "url": "/LMS/public/staff/index.php?action=issuebook",
        "ip": "::1",
        "http_method": "POST",
        "server": "localhost",
        "referrer": "http://localhost/LMS/public/staff/index.php?action=showissuebook"
    }
}
{
    "message": "Issue book email sent",
    "context": {
        "email": "dulakshigamma@gmail.com",
        "book_id": "B-000001",
        "sent": "success"
    },
    "level": 200,
    "level_name": "INFO",
    "channel": "library_system",
    "datetime": "2026-02-28T06:22:57.761690+01:00",
    "extra": {
        "user_agent": "Mozilla/5.0 (Windows NT 10.0; Win64; x64) AppleWebKit/537.36 (KHTML, like Gecko) Chrome/145.0.0.0 Safari/537.36",
        "ip_location": "Private Network, Local",
        "url": "/LMS/public/staff/index.php?action=issuebook",
        "ip": "::1",
        "http_method": "POST",
        "server": "localhost",
        "referrer": "http://localhost/LMS/public/staff/index.php?action=showissuebook"
    }
}
{
    "message": "Notification inserted successfully",
    "context": {
        "email": "dulakshigamma@gmail.com"
    },
    "level": 200,
    "level_name": "INFO",
    "channel": "library_system",
    "datetime": "2026-02-28T06:22:57.774784+01:00",
    "extra": {
        "user_agent": "Mozilla/5.0 (Windows NT 10.0; Win64; x64) AppleWebKit/537.36 (KHTML, like Gecko) Chrome/145.0.0.0 Safari/537.36",
        "ip_location": "Private Network, Local",
        "url": "/LMS/public/staff/index.php?action=issuebook",
        "ip": "::1",
        "http_method": "POST",
        "server": "localhost",
        "referrer": "http://localhost/LMS/public/staff/index.php?action=showissuebook"
    }
}
{
    "message": "Book issued successfully",
    "context": {
        "book_id": "B-000003",
        "member_id": "M-000016",
        "issue_date": "2026-02-07",
        "due_date": "2026-02-21",
        "email": "dulakshigamma@gmail.com"
    },
    "level": 200,
    "level_name": "INFO",
    "channel": "library_system",
    "datetime": "2026-02-28T06:23:33.710955+01:00",
    "extra": {
        "user_agent": "Mozilla/5.0 (Windows NT 10.0; Win64; x64) AppleWebKit/537.36 (KHTML, like Gecko) Chrome/145.0.0.0 Safari/537.36",
        "ip_location": "Private Network, Local",
        "url": "/LMS/public/staff/index.php?action=issuebook",
        "ip": "::1",
        "http_method": "POST",
        "server": "localhost",
        "referrer": "http://localhost/LMS/public/staff/index.php?action=showissuebook"
    }
}
{
    "message": "Issue book email sent",
    "context": {
        "email": "dulakshigamma@gmail.com",
        "book_id": "B-000003",
        "sent": "success"
    },
    "level": 200,
    "level_name": "INFO",
    "channel": "library_system",
    "datetime": "2026-02-28T06:23:36.840272+01:00",
    "extra": {
        "user_agent": "Mozilla/5.0 (Windows NT 10.0; Win64; x64) AppleWebKit/537.36 (KHTML, like Gecko) Chrome/145.0.0.0 Safari/537.36",
        "ip_location": "Private Network, Local",
        "url": "/LMS/public/staff/index.php?action=issuebook",
        "ip": "::1",
        "http_method": "POST",
        "server": "localhost",
        "referrer": "http://localhost/LMS/public/staff/index.php?action=showissuebook"
    }
}
{
    "message": "Notification inserted successfully",
    "context": {
        "email": "dulakshigamma@gmail.com"
    },
    "level": 200,
    "level_name": "INFO",
    "channel": "library_system",
    "datetime": "2026-02-28T06:23:36.850287+01:00",
    "extra": {
        "user_agent": "Mozilla/5.0 (Windows NT 10.0; Win64; x64) AppleWebKit/537.36 (KHTML, like Gecko) Chrome/145.0.0.0 Safari/537.36",
        "ip_location": "Private Network, Local",
        "url": "/LMS/public/staff/index.php?action=issuebook",
        "ip": "::1",
        "http_method": "POST",
        "server": "localhost",
        "referrer": "http://localhost/LMS/public/staff/index.php?action=showissuebook"
    }
}
{
    "message": "Book returned successfully",
    "context": {
        "borrow_id": "35",
        "book_id": "B-000003",
        "member_id": "18",
        "return_date": "2026-02-28",
        "fines": 35.0
    },
    "level": 200,
    "level_name": "INFO",
    "channel": "library_system",
    "datetime": "2026-02-28T06:23:57.603435+01:00",
    "extra": {
        "user_agent": "Mozilla/5.0 (Windows NT 10.0; Win64; x64) AppleWebKit/537.36 (KHTML, like Gecko) Chrome/145.0.0.0 Safari/537.36",
        "ip_location": "Private Network, Local",
        "url": "/LMS/public/staff/index.php?action=returnbook",
        "ip": "::1",
        "http_method": "POST",
        "server": "localhost",
        "referrer": "http://localhost/LMS/public/staff/index.php?action=viewissuebooks"
    }
}
{
    "message": "Return book email sent",
    "context": {
        "email": "dulakshigamma@gmail.com",
        "book_id": "B-000003",
        "sent": "success"
    },
    "level": 200,
    "level_name": "INFO",
    "channel": "library_system",
    "datetime": "2026-02-28T06:24:00.898975+01:00",
    "extra": {
        "user_agent": "Mozilla/5.0 (Windows NT 10.0; Win64; x64) AppleWebKit/537.36 (KHTML, like Gecko) Chrome/145.0.0.0 Safari/537.36",
        "ip_location": "Private Network, Local",
        "url": "/LMS/public/staff/index.php?action=returnbook",
        "ip": "::1",
        "http_method": "POST",
        "server": "localhost",
        "referrer": "http://localhost/LMS/public/staff/index.php?action=viewissuebooks"
    }
}
{
    "message": "Notification inserted successfully",
    "context": {
        "email": "dulakshigamma@gmail.com"
    },
    "level": 200,
    "level_name": "INFO",
    "channel": "library_system",
    "datetime": "2026-02-28T06:24:00.909230+01:00",
    "extra": {
        "user_agent": "Mozilla/5.0 (Windows NT 10.0; Win64; x64) AppleWebKit/537.36 (KHTML, like Gecko) Chrome/145.0.0.0 Safari/537.36",
        "ip_location": "Private Network, Local",
        "url": "/LMS/public/staff/index.php?action=returnbook",
        "ip": "::1",
        "http_method": "POST",
        "server": "localhost",
        "referrer": "http://localhost/LMS/public/staff/index.php?action=viewissuebooks"
    }
}
{
    "message": "User logged out",
    "context": {
        "member_id": "M-000016"
    },
    "level": 200,
    "level_name": "INFO",
    "channel": "library_system",
    "datetime": "2026-02-28T06:26:00.769341+01:00",
    "extra": {
        "user_agent": "Mozilla/5.0 (Windows NT 10.0; Win64; x64) AppleWebKit/537.36 (KHTML, like Gecko) Chrome/145.0.0.0 Safari/537.36",
        "ip_location": "Private Network, Local",
        "url": "/LMS/public/member/index.php?action=logout",
        "ip": "::1",
        "http_method": "GET",
        "server": "localhost",
        "referrer": "http://localhost/LMS/public/member/index.php?action=aboutsoftware"
    }
}
{
    "message": "Login attempt",
    "context": {
        "staffid": "S-000001",
        "remember_me": false
    },
    "level": 200,
    "level_name": "INFO",
    "channel": "library_system",
    "datetime": "2026-02-28T08:34:09.219600+01:00",
    "extra": {
        "user_agent": "Mozilla/5.0 (Windows NT 10.0; Win64; x64) AppleWebKit/537.36 (KHTML, like Gecko) Chrome/145.0.0.0 Safari/537.36",
        "ip_location": "Private Network, Local",
        "url": "/LMS/public/staff/index.php?action=loginProcess",
        "ip": "::1",
        "http_method": "POST",
        "server": "localhost",
        "referrer": "http://localhost/LMS/public/staff/index.php"
    }
}
{
    "message": "Failed login attempt",
    "context": {
        "staffid": "S-000001"
    },
    "level": 300,
    "level_name": "WARNING",
    "channel": "library_system",
    "datetime": "2026-02-28T08:34:09.448570+01:00",
    "extra": {
        "user_agent": "Mozilla/5.0 (Windows NT 10.0; Win64; x64) AppleWebKit/537.36 (KHTML, like Gecko) Chrome/145.0.0.0 Safari/537.36",
        "ip_location": "Private Network, Local",
        "url": "/LMS/public/staff/index.php?action=loginProcess",
        "ip": "::1",
        "http_method": "POST",
        "server": "localhost",
        "referrer": "http://localhost/LMS/public/staff/index.php"
    }
}
{
    "message": "Login attempt",
    "context": {
        "staffid": "S-000001",
        "remember_me": false
    },
    "level": 200,
    "level_name": "INFO",
    "channel": "library_system",
    "datetime": "2026-02-28T08:34:10.536567+01:00",
    "extra": {
        "user_agent": "Mozilla/5.0 (Windows NT 10.0; Win64; x64) AppleWebKit/537.36 (KHTML, like Gecko) Chrome/145.0.0.0 Safari/537.36",
        "ip_location": "Private Network, Local",
        "url": "/LMS/public/staff/index.php?action=loginProcess",
        "ip": "::1",
        "http_method": "POST",
        "server": "localhost",
        "referrer": "http://localhost/LMS/public/staff/index.php"
    }
}
{
    "message": "Failed login attempt",
    "context": {
        "staffid": "S-000001"
    },
    "level": 300,
    "level_name": "WARNING",
    "channel": "library_system",
    "datetime": "2026-02-28T08:34:10.668959+01:00",
    "extra": {
        "user_agent": "Mozilla/5.0 (Windows NT 10.0; Win64; x64) AppleWebKit/537.36 (KHTML, like Gecko) Chrome/145.0.0.0 Safari/537.36",
        "ip_location": "Private Network, Local",
        "url": "/LMS/public/staff/index.php?action=loginProcess",
        "ip": "::1",
        "http_method": "POST",
        "server": "localhost",
        "referrer": "http://localhost/LMS/public/staff/index.php"
    }
}
{
    "message": "Login attempt",
    "context": {
        "staffid": "S-000001",
        "remember_me": false
    },
    "level": 200,
    "level_name": "INFO",
    "channel": "library_system",
    "datetime": "2026-02-28T08:34:14.985047+01:00",
    "extra": {
        "user_agent": "Mozilla/5.0 (Windows NT 10.0; Win64; x64) AppleWebKit/537.36 (KHTML, like Gecko) Chrome/145.0.0.0 Safari/537.36",
        "ip_location": "Private Network, Local",
        "url": "/LMS/public/staff/index.php?action=loginProcess",
        "ip": "::1",
        "http_method": "POST",
        "server": "localhost",
        "referrer": "http://localhost/LMS/public/staff/index.php"
    }
}
{
    "message": "Session initialized for staff_id: S-000001",
    "context": {},
    "level": 200,
    "level_name": "INFO",
    "channel": "library_system",
    "datetime": "2026-02-28T08:34:15.154118+01:00",
    "extra": {
        "user_agent": "Mozilla/5.0 (Windows NT 10.0; Win64; x64) AppleWebKit/537.36 (KHTML, like Gecko) Chrome/145.0.0.0 Safari/537.36",
        "ip_location": "Private Network, Local",
        "url": "/LMS/public/staff/index.php?action=loginProcess",
        "ip": "::1",
        "http_method": "POST",
        "server": "localhost",
        "referrer": "http://localhost/LMS/public/staff/index.php"
    }
}
{
    "message": "Cleared cookie",
    "context": {
        "cookie_name": "staff_remember_token"
    },
    "level": 200,
    "level_name": "INFO",
    "channel": "library_system",
    "datetime": "2026-02-28T08:34:15.175267+01:00",
    "extra": {
        "user_agent": "Mozilla/5.0 (Windows NT 10.0; Win64; x64) AppleWebKit/537.36 (KHTML, like Gecko) Chrome/145.0.0.0 Safari/537.36",
        "ip_location": "Private Network, Local",
        "url": "/LMS/public/staff/index.php?action=loginProcess",
        "ip": "::1",
        "http_method": "POST",
        "server": "localhost",
        "referrer": "http://localhost/LMS/public/staff/index.php"
    }
}
{
    "message": "Loaded modules for role",
    "context": {
        "role": 1,
        "modules_count": 7
    },
    "level": 200,
    "level_name": "INFO",
    "channel": "library_system",
    "datetime": "2026-02-28T08:34:15.189745+01:00",
    "extra": {
        "user_agent": "Mozilla/5.0 (Windows NT 10.0; Win64; x64) AppleWebKit/537.36 (KHTML, like Gecko) Chrome/145.0.0.0 Safari/537.36",
        "ip_location": "Private Network, Local",
        "url": "/LMS/public/staff/index.php?action=loginProcess",
        "ip": "::1",
        "http_method": "POST",
        "server": "localhost",
        "referrer": "http://localhost/LMS/public/staff/index.php"
    }
}
{
    "message": "Login successful",
    "context": {
        "staff_id": "S-000001"
    },
    "level": 200,
    "level_name": "INFO",
    "channel": "library_system",
    "datetime": "2026-02-28T08:34:15.189910+01:00",
    "extra": {
        "user_agent": "Mozilla/5.0 (Windows NT 10.0; Win64; x64) AppleWebKit/537.36 (KHTML, like Gecko) Chrome/145.0.0.0 Safari/537.36",
        "ip_location": "Private Network, Local",
        "url": "/LMS/public/staff/index.php?action=loginProcess",
        "ip": "::1",
        "http_method": "POST",
        "server": "localhost",
        "referrer": "http://localhost/LMS/public/staff/index.php"
    }
}
{
    "message": "Member deactivated",
    "context": {
        "id": "18"
    },
    "level": 200,
    "level_name": "INFO",
    "channel": "library_system",
    "datetime": "2026-02-28T08:34:27.277705+01:00",
    "extra": {
        "user_agent": "Mozilla/5.0 (Windows NT 10.0; Win64; x64) AppleWebKit/537.36 (KHTML, like Gecko) Chrome/145.0.0.0 Safari/537.36",
        "ip_location": "Private Network, Local",
        "url": "/LMS/public/staff/index.php?action=deactivatemember",
        "ip": "::1",
        "http_method": "POST",
        "server": "localhost",
        "referrer": "http://localhost/LMS/public/staff/index.php?action=viewmembers"
    }
}
{
    "message": "Deactivate email sent",
    "context": {
        "email": "dulakshigamma@gmail.com"
    },
    "level": 200,
    "level_name": "INFO",
    "channel": "library_system",
    "datetime": "2026-02-28T08:34:34.365969+01:00",
    "extra": {
        "user_agent": "Mozilla/5.0 (Windows NT 10.0; Win64; x64) AppleWebKit/537.36 (KHTML, like Gecko) Chrome/145.0.0.0 Safari/537.36",
        "ip_location": "Private Network, Local",
        "url": "/LMS/public/staff/index.php?action=deactivatemember",
        "ip": "::1",
        "http_method": "POST",
        "server": "localhost",
        "referrer": "http://localhost/LMS/public/staff/index.php?action=viewmembers"
    }
}
{
    "message": "Login attempt received",
    "context": {
        "member_id": "M-000016"
    },
    "level": 200,
    "level_name": "INFO",
    "channel": "library_system",
    "datetime": "2026-02-28T08:35:07.204421+01:00",
    "extra": {
        "user_agent": "Mozilla/5.0 (Windows NT 10.0; Win64; x64) AppleWebKit/537.36 (KHTML, like Gecko) Chrome/145.0.0.0 Safari/537.36",
        "ip_location": "Private Network, Local",
        "url": "/LMS/public/member/index.php?action=memberlogin",
        "ip": "::1",
        "http_method": "POST",
        "server": "localhost",
        "referrer": "http://localhost/LMS/public/member/index.php?action=login"
    }
}
{
    "message": "Deactivated account tried to login",
    "context": {
        "member_id": "M-000016"
    },
    "level": 300,
    "level_name": "WARNING",
    "channel": "library_system",
    "datetime": "2026-02-28T08:35:07.346747+01:00",
    "extra": {
        "user_agent": "Mozilla/5.0 (Windows NT 10.0; Win64; x64) AppleWebKit/537.36 (KHTML, like Gecko) Chrome/145.0.0.0 Safari/537.36",
        "ip_location": "Private Network, Local",
        "url": "/LMS/public/member/index.php?action=memberlogin",
        "ip": "::1",
        "http_method": "POST",
        "server": "localhost",
        "referrer": "http://localhost/LMS/public/member/index.php?action=login"
    }
}
{
    "message": "Login attempt received",
    "context": {
        "member_id": "M-000016"
    },
    "level": 200,
    "level_name": "INFO",
    "channel": "library_system",
    "datetime": "2026-02-28T08:36:44.896956+01:00",
    "extra": {
        "user_agent": "Mozilla/5.0 (Windows NT 10.0; Win64; x64) AppleWebKit/537.36 (KHTML, like Gecko) Chrome/145.0.0.0 Safari/537.36",
        "ip_location": "Private Network, Local",
        "url": "/LMS/public/member/index.php?action=memberlogin",
        "ip": "::1",
        "http_method": "POST",
        "server": "localhost",
        "referrer": "http://localhost/LMS/public/member/index.php?action=login"
    }
}
{
    "message": "Expired account tried to login",
    "context": {
        "member_id": "M-000016"
    },
    "level": 300,
    "level_name": "WARNING",
    "channel": "library_system",
    "datetime": "2026-02-28T08:36:45.034593+01:00",
    "extra": {
        "user_agent": "Mozilla/5.0 (Windows NT 10.0; Win64; x64) AppleWebKit/537.36 (KHTML, like Gecko) Chrome/145.0.0.0 Safari/537.36",
        "ip_location": "Private Network, Local",
        "url": "/LMS/public/member/index.php?action=memberlogin",
        "ip": "::1",
        "http_method": "POST",
        "server": "localhost",
        "referrer": "http://localhost/LMS/public/member/index.php?action=login"
    }
}
{
    "message": "Payment process started successfully.",
    "context": {},
    "level": 200,
    "level_name": "INFO",
    "channel": "library_system",
    "datetime": "2026-02-28T08:51:17.230326+01:00",
    "extra": {
        "user_agent": "Mozilla/5.0 (Windows NT 10.0; Win64; x64) AppleWebKit/537.36 (KHTML, like Gecko) Chrome/145.0.0.0 Safari/537.36",
        "ip_location": "Private Network, Local",
        "url": "/LMS/public/member/index.php?action=showPayment",
        "ip": "::1",
        "http_method": "POST",
        "server": "localhost",
        "referrer": "http://localhost/LMS/public/member/index.php?action=expired"
    }
}
{
    "message": "Login attempt received",
    "context": {
        "member_id": "M-000016"
    },
    "level": 200,
    "level_name": "INFO",
    "channel": "library_system",
    "datetime": "2026-02-28T08:52:18.895455+01:00",
    "extra": {
        "user_agent": "Mozilla/5.0 (Windows NT 10.0; Win64; x64) AppleWebKit/537.36 (KHTML, like Gecko) Chrome/145.0.0.0 Safari/537.36",
        "ip_location": "Private Network, Local",
        "url": "/LMS/public/member/index.php?action=memberlogin",
        "ip": "::1",
        "http_method": "POST",
        "server": "localhost",
        "referrer": "http://localhost/LMS/public/member/index.php?action=login"
    }
}
{
    "message": "Expired account tried to login",
    "context": {
        "member_id": "M-000016"
    },
    "level": 300,
    "level_name": "WARNING",
    "channel": "library_system",
    "datetime": "2026-02-28T08:52:19.060269+01:00",
    "extra": {
        "user_agent": "Mozilla/5.0 (Windows NT 10.0; Win64; x64) AppleWebKit/537.36 (KHTML, like Gecko) Chrome/145.0.0.0 Safari/537.36",
        "ip_location": "Private Network, Local",
        "url": "/LMS/public/member/index.php?action=memberlogin",
        "ip": "::1",
        "http_method": "POST",
        "server": "localhost",
        "referrer": "http://localhost/LMS/public/member/index.php?action=login"
    }
}
{
    "message": "Payment process started successfully.",
    "context": {},
    "level": 200,
    "level_name": "INFO",
    "channel": "library_system",
    "datetime": "2026-02-28T08:52:30.124910+01:00",
    "extra": {
        "user_agent": "Mozilla/5.0 (Windows NT 10.0; Win64; x64) AppleWebKit/537.36 (KHTML, like Gecko) Chrome/145.0.0.0 Safari/537.36",
        "ip_location": "Private Network, Local",
        "url": "/LMS/public/member/index.php?action=showPayment",
        "ip": "::1",
        "http_method": "POST",
        "server": "localhost",
        "referrer": "http://localhost/LMS/public/member/index.php?action=expired"
    }
}
{
    "message": "Login attempt received",
    "context": {
        "member_id": "M-000016"
    },
    "level": 200,
    "level_name": "INFO",
    "channel": "library_system",
    "datetime": "2026-02-28T08:53:31.473103+01:00",
    "extra": {
        "user_agent": "Mozilla/5.0 (Windows NT 10.0; Win64; x64) AppleWebKit/537.36 (KHTML, like Gecko) Chrome/145.0.0.0 Safari/537.36",
        "ip_location": "Private Network, Local",
        "url": "/LMS/public/member/index.php?action=memberlogin",
        "ip": "::1",
        "http_method": "POST",
        "server": "localhost",
        "referrer": "http://localhost/LMS/public/member/index.php?action=login"
    }
}
{
    "message": "Expired account tried to login",
    "context": {
        "member_id": "M-000016"
    },
    "level": 300,
    "level_name": "WARNING",
    "channel": "library_system",
    "datetime": "2026-02-28T08:53:31.627488+01:00",
    "extra": {
        "user_agent": "Mozilla/5.0 (Windows NT 10.0; Win64; x64) AppleWebKit/537.36 (KHTML, like Gecko) Chrome/145.0.0.0 Safari/537.36",
        "ip_location": "Private Network, Local",
        "url": "/LMS/public/member/index.php?action=memberlogin",
        "ip": "::1",
        "http_method": "POST",
        "server": "localhost",
        "referrer": "http://localhost/LMS/public/member/index.php?action=login"
    }
}
{
    "message": "Payment process started successfully.",
    "context": {},
    "level": 200,
    "level_name": "INFO",
    "channel": "library_system",
    "datetime": "2026-02-28T08:53:39.315881+01:00",
    "extra": {
        "user_agent": "Mozilla/5.0 (Windows NT 10.0; Win64; x64) AppleWebKit/537.36 (KHTML, like Gecko) Chrome/145.0.0.0 Safari/537.36",
        "ip_location": "Private Network, Local",
        "url": "/LMS/public/member/index.php?action=showPayment",
        "ip": "::1",
        "http_method": "POST",
        "server": "localhost",
        "referrer": "http://localhost/LMS/public/member/index.php?action=expired"
    }
}
{
    "message": "Received PayHere Response.",
    "context": {
        "response": {
            "transactionId": "69a29f03498ac"
        }
    },
    "level": 200,
    "level_name": "INFO",
    "channel": "library_system",
    "datetime": "2026-02-28T08:54:04.595844+01:00",
    "extra": {
        "user_agent": "Mozilla/5.0 (Windows NT 10.0; Win64; x64) AppleWebKit/537.36 (KHTML, like Gecko) Chrome/145.0.0.0 Safari/537.36",
        "ip_location": "Private Network, Local",
        "url": "/LMS/public/member/index.php?action=payment_notify",
        "ip": "::1",
        "http_method": "POST",
        "server": "localhost",
        "referrer": "http://localhost/LMS/public/member/index.php?action=expired"
    }
}
{
    "message": "Payment successful for transactionId: 69a29f03498ac",
    "context": {},
    "level": 200,
    "level_name": "INFO",
    "channel": "library_system",
    "datetime": "2026-02-28T08:54:04.596537+01:00",
    "extra": {
        "user_agent": "Mozilla/5.0 (Windows NT 10.0; Win64; x64) AppleWebKit/537.36 (KHTML, like Gecko) Chrome/145.0.0.0 Safari/537.36",
        "ip_location": "Private Network, Local",
        "url": "/LMS/public/member/index.php?action=payment_notify",
        "ip": "::1",
        "http_method": "POST",
        "server": "localhost",
        "referrer": "http://localhost/LMS/public/member/index.php?action=expired"
    }
}
{
    "message": "Login attempt received",
    "context": {
        "member_id": "M-000016"
    },
    "level": 200,
    "level_name": "INFO",
    "channel": "library_system",
    "datetime": "2026-02-28T08:55:28.809374+01:00",
    "extra": {
        "user_agent": "Mozilla/5.0 (Windows NT 10.0; Win64; x64) AppleWebKit/537.36 (KHTML, like Gecko) Chrome/145.0.0.0 Safari/537.36",
        "ip_location": "Private Network, Local",
        "url": "/LMS/public/member/index.php?action=memberlogin",
        "ip": "::1",
        "http_method": "POST",
        "server": "localhost",
        "referrer": "http://localhost/LMS/public/member/index.php?action=login"
    }
}
{
    "message": "Session initialized for member_id: M-000016",
    "context": {},
    "level": 200,
    "level_name": "INFO",
    "channel": "library_system",
    "datetime": "2026-02-28T08:55:28.977726+01:00",
    "extra": {
        "user_agent": "Mozilla/5.0 (Windows NT 10.0; Win64; x64) AppleWebKit/537.36 (KHTML, like Gecko) Chrome/145.0.0.0 Safari/537.36",
        "ip_location": "Private Network, Local",
        "url": "/LMS/public/member/index.php?action=memberlogin",
        "ip": "::1",
        "http_method": "POST",
        "server": "localhost",
        "referrer": "http://localhost/LMS/public/member/index.php?action=login"
    }
}
{
    "message": "Remember me token cleared",
    "context": {
        "member_id": "M-000016"
    },
    "level": 200,
    "level_name": "INFO",
    "channel": "library_system",
    "datetime": "2026-02-28T08:55:28.989921+01:00",
    "extra": {
        "user_agent": "Mozilla/5.0 (Windows NT 10.0; Win64; x64) AppleWebKit/537.36 (KHTML, like Gecko) Chrome/145.0.0.0 Safari/537.36",
        "ip_location": "Private Network, Local",
        "url": "/LMS/public/member/index.php?action=memberlogin",
        "ip": "::1",
        "http_method": "POST",
        "server": "localhost",
        "referrer": "http://localhost/LMS/public/member/index.php?action=login"
    }
}
{
    "message": "User successfully logged in",
    "context": {
        "member_id": "M-000016"
    },
    "level": 200,
    "level_name": "INFO",
    "channel": "library_system",
    "datetime": "2026-02-28T08:55:28.990222+01:00",
    "extra": {
        "user_agent": "Mozilla/5.0 (Windows NT 10.0; Win64; x64) AppleWebKit/537.36 (KHTML, like Gecko) Chrome/145.0.0.0 Safari/537.36",
        "ip_location": "Private Network, Local",
        "url": "/LMS/public/member/index.php?action=memberlogin",
        "ip": "::1",
        "http_method": "POST",
        "server": "localhost",
        "referrer": "http://localhost/LMS/public/member/index.php?action=login"
    }
}
