{
    "message": "MyLibraryController initialized",
    "context": {},
    "level": 200,
    "level_name": "INFO",
    "channel": "library_system",
    "datetime": "2025-06-15T07:29:34.177203+02:00",
    "extra": {
        "user_agent": "Mozilla/5.0 (Windows NT 10.0; Win64; x64) AppleWebKit/537.36 (KHTML, like Gecko) Chrome/137.0.0.0 Safari/537.36",
        "ip_location": "Private Network, Local",
        "url": "/LMS/public/member/index.php",
        "ip": "::1",
        "http_method": "GET",
        "server": "localhost",
        "referrer": null
    }
}
{
    "message": "HomeController initialized",
    "context": {},
    "level": 200,
    "level_name": "INFO",
    "channel": "library_system",
    "datetime": "2025-06-15T07:29:34.223289+02:00",
    "extra": {
        "user_agent": "Mozilla/5.0 (Windows NT 10.0; Win64; x64) AppleWebKit/537.36 (KHTML, like Gecko) Chrome/137.0.0.0 Safari/537.36",
        "ip_location": "Private Network, Local",
        "url": "/LMS/public/member/index.php",
        "ip": "::1",
        "http_method": "GET",
        "server": "localhost",
        "referrer": null
    }
}
{
    "message": "MyLibraryController initialized",
    "context": {},
    "level": 200,
    "level_name": "INFO",
    "channel": "library_system",
    "datetime": "2025-06-15T07:29:34.627234+02:00",
    "extra": {
        "user_agent": "Mozilla/5.0 (Windows NT 10.0; Win64; x64) AppleWebKit/537.36 (KHTML, like Gecko) Chrome/137.0.0.0 Safari/537.36",
        "ip_location": "Private Network, Local",
        "url": "/LMS/public/member/index.php?action=servelogo&image=logo.png",
        "ip": "::1",
        "http_method": "GET",
        "server": "localhost",
        "referrer": "http://localhost/LMS/public/member/index.php"
    }
}
{
    "message": "HomeController initialized",
    "context": {},
    "level": 200,
    "level_name": "INFO",
    "channel": "library_system",
    "datetime": "2025-06-15T07:29:34.645510+02:00",
    "extra": {
        "user_agent": "Mozilla/5.0 (Windows NT 10.0; Win64; x64) AppleWebKit/537.36 (KHTML, like Gecko) Chrome/137.0.0.0 Safari/537.36",
        "ip_location": "Private Network, Local",
        "url": "/LMS/public/member/index.php?action=servelogo&image=logo.png",
        "ip": "::1",
        "http_method": "GET",
        "server": "localhost",
        "referrer": "http://localhost/LMS/public/member/index.php"
    }
}
{
    "message": "serveLogo() called",
    "context": {
        "image": "logo.png"
    },
    "level": 200,
    "level_name": "INFO",
    "channel": "library_system",
    "datetime": "2025-06-15T07:29:34.647831+02:00",
    "extra": {
        "user_agent": "Mozilla/5.0 (Windows NT 10.0; Win64; x64) AppleWebKit/537.36 (KHTML, like Gecko) Chrome/137.0.0.0 Safari/537.36",
        "ip_location": "Private Network, Local",
        "url": "/LMS/public/member/index.php?action=servelogo&image=logo.png",
        "ip": "::1",
        "http_method": "GET",
        "server": "localhost",
        "referrer": "http://localhost/LMS/public/member/index.php"
    }
}
{
    "message": "MyLibraryController initialized",
    "context": {},
    "level": 200,
    "level_name": "INFO",
    "channel": "library_system",
    "datetime": "2025-06-15T07:29:34.747480+02:00",
    "extra": {
        "user_agent": "Mozilla/5.0 (Windows NT 10.0; Win64; x64) AppleWebKit/537.36 (KHTML, like Gecko) Chrome/137.0.0.0 Safari/537.36",
        "ip_location": "Private Network, Local",
        "url": "/LMS/public/member/index.php?action=getnewsupdates",
        "ip": "::1",
        "http_method": "POST",
        "server": "localhost",
        "referrer": "http://localhost/LMS/public/member/index.php"
    }
}
{
    "message": "HomeController initialized",
    "context": {},
    "level": 200,
    "level_name": "INFO",
    "channel": "library_system",
    "datetime": "2025-06-15T07:29:34.754260+02:00",
    "extra": {
        "user_agent": "Mozilla/5.0 (Windows NT 10.0; Win64; x64) AppleWebKit/537.36 (KHTML, like Gecko) Chrome/137.0.0.0 Safari/537.36",
        "ip_location": "Private Network, Local",
        "url": "/LMS/public/member/index.php?action=getnewsupdates",
        "ip": "::1",
        "http_method": "POST",
        "server": "localhost",
        "referrer": "http://localhost/LMS/public/member/index.php"
    }
}
{
    "message": "loadNewsUpdates() called",
    "context": {},
    "level": 200,
    "level_name": "INFO",
    "channel": "library_system",
    "datetime": "2025-06-15T07:29:34.754653+02:00",
    "extra": {
        "user_agent": "Mozilla/5.0 (Windows NT 10.0; Win64; x64) AppleWebKit/537.36 (KHTML, like Gecko) Chrome/137.0.0.0 Safari/537.36",
        "ip_location": "Private Network, Local",
        "url": "/LMS/public/member/index.php?action=getnewsupdates",
        "ip": "::1",
        "http_method": "POST",
        "server": "localhost",
        "referrer": "http://localhost/LMS/public/member/index.php"
    }
}
{
    "message": "No news found",
    "context": {},
    "level": 300,
    "level_name": "WARNING",
    "channel": "library_system",
    "datetime": "2025-06-15T07:29:34.806323+02:00",
    "extra": {
        "user_agent": "Mozilla/5.0 (Windows NT 10.0; Win64; x64) AppleWebKit/537.36 (KHTML, like Gecko) Chrome/137.0.0.0 Safari/537.36",
        "ip_location": "Private Network, Local",
        "url": "/LMS/public/member/index.php?action=getnewsupdates",
        "ip": "::1",
        "http_method": "POST",
        "server": "localhost",
        "referrer": "http://localhost/LMS/public/member/index.php"
    }
}
