{
    "message": "Login attempt",
    "context": {
        "staffid": "S-000001",
        "remember_me": false
    },
    "level": 200,
    "level_name": "INFO",
    "channel": "library_system",
    "datetime": "2025-08-28T09:00:42.202714+02:00",
    "extra": {
        "user_agent": "Mozilla/5.0 (Windows NT 10.0; Win64; x64) AppleWebKit/537.36 (KHTML, like Gecko) Chrome/139.0.0.0 Safari/537.36",
        "ip_location": "Private Network, Local",
        "url": "/LMS/public/staff/index.php?action=loginProcess",
        "ip": "::1",
        "http_method": "POST",
        "server": "localhost",
        "referrer": "http://localhost/LMS/public/staff/index.php"
    }
}
{
    "message": "Session initialized for staff_id: S-000001",
    "context": {},
    "level": 200,
    "level_name": "INFO",
    "channel": "library_system",
    "datetime": "2025-08-28T09:00:42.426734+02:00",
    "extra": {
        "user_agent": "Mozilla/5.0 (Windows NT 10.0; Win64; x64) AppleWebKit/537.36 (KHTML, like Gecko) Chrome/139.0.0.0 Safari/537.36",
        "ip_location": "Private Network, Local",
        "url": "/LMS/public/staff/index.php?action=loginProcess",
        "ip": "::1",
        "http_method": "POST",
        "server": "localhost",
        "referrer": "http://localhost/LMS/public/staff/index.php"
    }
}
{
    "message": "Cleared cookie",
    "context": {
        "cookie_name": "staff_remember_token"
    },
    "level": 200,
    "level_name": "INFO",
    "channel": "library_system",
    "datetime": "2025-08-28T09:00:42.429944+02:00",
    "extra": {
        "user_agent": "Mozilla/5.0 (Windows NT 10.0; Win64; x64) AppleWebKit/537.36 (KHTML, like Gecko) Chrome/139.0.0.0 Safari/537.36",
        "ip_location": "Private Network, Local",
        "url": "/LMS/public/staff/index.php?action=loginProcess",
        "ip": "::1",
        "http_method": "POST",
        "server": "localhost",
        "referrer": "http://localhost/LMS/public/staff/index.php"
    }
}
{
    "message": "Loaded modules for role",
    "context": {
        "role": 1,
        "modules_count": 7
    },
    "level": 200,
    "level_name": "INFO",
    "channel": "library_system",
    "datetime": "2025-08-28T09:00:42.446231+02:00",
    "extra": {
        "user_agent": "Mozilla/5.0 (Windows NT 10.0; Win64; x64) AppleWebKit/537.36 (KHTML, like Gecko) Chrome/139.0.0.0 Safari/537.36",
        "ip_location": "Private Network, Local",
        "url": "/LMS/public/staff/index.php?action=loginProcess",
        "ip": "::1",
        "http_method": "POST",
        "server": "localhost",
        "referrer": "http://localhost/LMS/public/staff/index.php"
    }
}
{
    "message": "Login successful",
    "context": {
        "staff_id": "S-000001"
    },
    "level": 200,
    "level_name": "INFO",
    "channel": "library_system",
    "datetime": "2025-08-28T09:00:42.446346+02:00",
    "extra": {
        "user_agent": "Mozilla/5.0 (Windows NT 10.0; Win64; x64) AppleWebKit/537.36 (KHTML, like Gecko) Chrome/139.0.0.0 Safari/537.36",
        "ip_location": "Private Network, Local",
        "url": "/LMS/public/staff/index.php?action=loginProcess",
        "ip": "::1",
        "http_method": "POST",
        "server": "localhost",
        "referrer": "http://localhost/LMS/public/staff/index.php"
    }
}
{
    "message": "Serving logo image: logo.png",
    "context": {},
    "level": 200,
    "level_name": "INFO",
    "channel": "library_system",
    "datetime": "2025-08-28T09:00:43.020937+02:00",
    "extra": {
        "user_agent": "Mozilla/5.0 (Windows NT 10.0; Win64; x64) AppleWebKit/537.36 (KHTML, like Gecko) Chrome/139.0.0.0 Safari/537.36",
        "ip_location": "Private Network, Local",
        "url": "/LMS/public/staff/index.php?action=servelogo&image=logo.png",
        "ip": "::1",
        "http_method": "GET",
        "server": "localhost",
        "referrer": "http://localhost/LMS/public/staff/index.php?action=dashboard"
    }
}
{
    "message": "Logging out user",
    "context": {
        "staff_id": "S-000001"
    },
    "level": 200,
    "level_name": "INFO",
    "channel": "library_system",
    "datetime": "2025-08-28T09:03:11.512996+02:00",
    "extra": {
        "user_agent": "Mozilla/5.0 (Windows NT 10.0; Win64; x64) AppleWebKit/537.36 (KHTML, like Gecko) Chrome/139.0.0.0 Safari/537.36",
        "ip_location": "Private Network, Local",
        "url": "/LMS/public/staff/index.php?action=logout",
        "ip": "::1",
        "http_method": "GET",
        "server": "localhost",
        "referrer": "http://localhost/LMS/public/staff/index.php?action=dashboard"
    }
}
{
    "message": "Cleared cookie",
    "context": {
        "cookie_name": "staff_remember_token"
    },
    "level": 200,
    "level_name": "INFO",
    "channel": "library_system",
    "datetime": "2025-08-28T09:03:11.514904+02:00",
    "extra": {
        "user_agent": "Mozilla/5.0 (Windows NT 10.0; Win64; x64) AppleWebKit/537.36 (KHTML, like Gecko) Chrome/139.0.0.0 Safari/537.36",
        "ip_location": "Private Network, Local",
        "url": "/LMS/public/staff/index.php?action=logout",
        "ip": "::1",
        "http_method": "GET",
        "server": "localhost",
        "referrer": "http://localhost/LMS/public/staff/index.php?action=dashboard"
    }
}
{
    "message": "Cleared cookie",
    "context": {
        "cookie_name": "staffid"
    },
    "level": 200,
    "level_name": "INFO",
    "channel": "library_system",
    "datetime": "2025-08-28T09:03:11.515019+02:00",
    "extra": {
        "user_agent": "Mozilla/5.0 (Windows NT 10.0; Win64; x64) AppleWebKit/537.36 (KHTML, like Gecko) Chrome/139.0.0.0 Safari/537.36",
        "ip_location": "Private Network, Local",
        "url": "/LMS/public/staff/index.php?action=logout",
        "ip": "::1",
        "http_method": "GET",
        "server": "localhost",
        "referrer": "http://localhost/LMS/public/staff/index.php?action=dashboard"
    }
}
{
    "message": "Forgot password request",
    "context": {
        "email": "user2@example.com"
    },
    "level": 200,
    "level_name": "INFO",
    "channel": "library_system",
    "datetime": "2025-08-28T09:31:30.184762+02:00",
    "extra": {
        "user_agent": "Mozilla/5.0 (Linux; Android 13; SM-G981B) AppleWebKit/537.36 (KHTML, like Gecko) Chrome/139.0.0.0 Mobile Safari/537.36",
        "ip_location": "Private Network, Local",
        "url": "/LMS/public/staff/index.php?action=forgotpassword",
        "ip": "::1",
        "http_method": "POST",
        "server": "localhost",
        "referrer": "http://localhost/LMS/public/staff/index.php?action=showforgotpw"
    }
}
{
    "message": "Password reset requested for non-existing email",
    "context": {
        "email": "user2@example.com"
    },
    "level": 300,
    "level_name": "WARNING",
    "channel": "library_system",
    "datetime": "2025-08-28T09:31:30.209433+02:00",
    "extra": {
        "user_agent": "Mozilla/5.0 (Linux; Android 13; SM-G981B) AppleWebKit/537.36 (KHTML, like Gecko) Chrome/139.0.0.0 Mobile Safari/537.36",
        "ip_location": "Private Network, Local",
        "url": "/LMS/public/staff/index.php?action=forgotpassword",
        "ip": "::1",
        "http_method": "POST",
        "server": "localhost",
        "referrer": "http://localhost/LMS/public/staff/index.php?action=showforgotpw"
    }
}
{
    "message": "Forgot password request",
    "context": {
        "email": "user2@example.com"
    },
    "level": 200,
    "level_name": "INFO",
    "channel": "library_system",
    "datetime": "2025-08-28T09:31:31.376978+02:00",
    "extra": {
        "user_agent": "Mozilla/5.0 (Linux; Android 13; SM-G981B) AppleWebKit/537.36 (KHTML, like Gecko) Chrome/139.0.0.0 Mobile Safari/537.36",
        "ip_location": "Private Network, Local",
        "url": "/LMS/public/staff/index.php?action=forgotpassword",
        "ip": "::1",
        "http_method": "POST",
        "server": "localhost",
        "referrer": "http://localhost/LMS/public/staff/index.php?action=showforgotpw"
    }
}
{
    "message": "Password reset requested for non-existing email",
    "context": {
        "email": "user2@example.com"
    },
    "level": 300,
    "level_name": "WARNING",
    "channel": "library_system",
    "datetime": "2025-08-28T09:31:31.388583+02:00",
    "extra": {
        "user_agent": "Mozilla/5.0 (Linux; Android 13; SM-G981B) AppleWebKit/537.36 (KHTML, like Gecko) Chrome/139.0.0.0 Mobile Safari/537.36",
        "ip_location": "Private Network, Local",
        "url": "/LMS/public/staff/index.php?action=forgotpassword",
        "ip": "::1",
        "http_method": "POST",
        "server": "localhost",
        "referrer": "http://localhost/LMS/public/staff/index.php?action=showforgotpw"
    }
}
{
    "message": "Forgot password request",
    "context": {
        "email": "dulakshigamma@gmail.com"
    },
    "level": 200,
    "level_name": "INFO",
    "channel": "library_system",
    "datetime": "2025-08-28T09:38:17.081347+02:00",
    "extra": {
        "user_agent": "Mozilla/5.0 (Windows NT 10.0; Win64; x64) AppleWebKit/537.36 (KHTML, like Gecko) Chrome/139.0.0.0 Safari/537.36",
        "ip_location": "Private Network, Local",
        "url": "/LMS/public/staff/index.php?action=forgotpassword",
        "ip": "::1",
        "http_method": "POST",
        "server": "localhost",
        "referrer": "http://localhost/LMS/public/staff/index.php?action=showforgotpw"
    }
}
{
    "message": "Valid email found for password reset",
    "context": {
        "email": "dulakshigamma@gmail.com"
    },
    "level": 200,
    "level_name": "INFO",
    "channel": "library_system",
    "datetime": "2025-08-28T09:38:17.102068+02:00",
    "extra": {
        "user_agent": "Mozilla/5.0 (Windows NT 10.0; Win64; x64) AppleWebKit/537.36 (KHTML, like Gecko) Chrome/139.0.0.0 Safari/537.36",
        "ip_location": "Private Network, Local",
        "url": "/LMS/public/staff/index.php?action=forgotpassword",
        "ip": "::1",
        "http_method": "POST",
        "server": "localhost",
        "referrer": "http://localhost/LMS/public/staff/index.php?action=showforgotpw"
    }
}
{
    "message": "Password reset email sent",
    "context": {
        "email": "dulakshigamma@gmail.com"
    },
    "level": 200,
    "level_name": "INFO",
    "channel": "library_system",
    "datetime": "2025-08-28T09:38:23.454462+02:00",
    "extra": {
        "user_agent": "Mozilla/5.0 (Windows NT 10.0; Win64; x64) AppleWebKit/537.36 (KHTML, like Gecko) Chrome/139.0.0.0 Safari/537.36",
        "ip_location": "Private Network, Local",
        "url": "/LMS/public/staff/index.php?action=forgotpassword",
        "ip": "::1",
        "http_method": "POST",
        "server": "localhost",
        "referrer": "http://localhost/LMS/public/staff/index.php?action=showforgotpw"
    }
}
{
    "message": "Login attempt",
    "context": {
        "staffid": "S-000001",
        "remember_me": false
    },
    "level": 200,
    "level_name": "INFO",
    "channel": "library_system",
    "datetime": "2025-08-28T09:42:28.155352+02:00",
    "extra": {
        "user_agent": "Mozilla/5.0 (Windows NT 10.0; Win64; x64) AppleWebKit/537.36 (KHTML, like Gecko) Chrome/139.0.0.0 Safari/537.36",
        "ip_location": "Private Network, Local",
        "url": "/LMS/public/staff/index.php?action=loginProcess",
        "ip": "::1",
        "http_method": "POST",
        "server": "localhost",
        "referrer": "http://localhost/LMS/public/staff/index.php?action=login"
    }
}
{
    "message": "Session initialized for staff_id: S-000001",
    "context": {},
    "level": 200,
    "level_name": "INFO",
    "channel": "library_system",
    "datetime": "2025-08-28T09:42:28.259744+02:00",
    "extra": {
        "user_agent": "Mozilla/5.0 (Windows NT 10.0; Win64; x64) AppleWebKit/537.36 (KHTML, like Gecko) Chrome/139.0.0.0 Safari/537.36",
        "ip_location": "Private Network, Local",
        "url": "/LMS/public/staff/index.php?action=loginProcess",
        "ip": "::1",
        "http_method": "POST",
        "server": "localhost",
        "referrer": "http://localhost/LMS/public/staff/index.php?action=login"
    }
}
{
    "message": "Cleared cookie",
    "context": {
        "cookie_name": "staff_remember_token"
    },
    "level": 200,
    "level_name": "INFO",
    "channel": "library_system",
    "datetime": "2025-08-28T09:42:28.261761+02:00",
    "extra": {
        "user_agent": "Mozilla/5.0 (Windows NT 10.0; Win64; x64) AppleWebKit/537.36 (KHTML, like Gecko) Chrome/139.0.0.0 Safari/537.36",
        "ip_location": "Private Network, Local",
        "url": "/LMS/public/staff/index.php?action=loginProcess",
        "ip": "::1",
        "http_method": "POST",
        "server": "localhost",
        "referrer": "http://localhost/LMS/public/staff/index.php?action=login"
    }
}
{
    "message": "Loaded modules for role",
    "context": {
        "role": 1,
        "modules_count": 7
    },
    "level": 200,
    "level_name": "INFO",
    "channel": "library_system",
    "datetime": "2025-08-28T09:42:28.263370+02:00",
    "extra": {
        "user_agent": "Mozilla/5.0 (Windows NT 10.0; Win64; x64) AppleWebKit/537.36 (KHTML, like Gecko) Chrome/139.0.0.0 Safari/537.36",
        "ip_location": "Private Network, Local",
        "url": "/LMS/public/staff/index.php?action=loginProcess",
        "ip": "::1",
        "http_method": "POST",
        "server": "localhost",
        "referrer": "http://localhost/LMS/public/staff/index.php?action=login"
    }
}
{
    "message": "Login successful",
    "context": {
        "staff_id": "S-000001"
    },
    "level": 200,
    "level_name": "INFO",
    "channel": "library_system",
    "datetime": "2025-08-28T09:42:28.263495+02:00",
    "extra": {
        "user_agent": "Mozilla/5.0 (Windows NT 10.0; Win64; x64) AppleWebKit/537.36 (KHTML, like Gecko) Chrome/139.0.0.0 Safari/537.36",
        "ip_location": "Private Network, Local",
        "url": "/LMS/public/staff/index.php?action=loginProcess",
        "ip": "::1",
        "http_method": "POST",
        "server": "localhost",
        "referrer": "http://localhost/LMS/public/staff/index.php?action=login"
    }
}
{
    "message": "Serving logo image: logo.png",
    "context": {},
    "level": 200,
    "level_name": "INFO",
    "channel": "library_system",
    "datetime": "2025-08-28T09:42:28.387197+02:00",
    "extra": {
        "user_agent": "Mozilla/5.0 (Windows NT 10.0; Win64; x64) AppleWebKit/537.36 (KHTML, like Gecko) Chrome/139.0.0.0 Safari/537.36",
        "ip_location": "Private Network, Local",
        "url": "/LMS/public/staff/index.php?action=servelogo&image=logo.png",
        "ip": "::1",
        "http_method": "GET",
        "server": "localhost",
        "referrer": "http://localhost/LMS/public/staff/index.php?action=dashboard"
    }
}
{
    "message": "Serving logo image: logo.png",
    "context": {},
    "level": 200,
    "level_name": "INFO",
    "channel": "library_system",
    "datetime": "2025-08-28T09:42:31.000486+02:00",
    "extra": {
        "user_agent": "Mozilla/5.0 (Windows NT 10.0; Win64; x64) AppleWebKit/537.36 (KHTML, like Gecko) Chrome/139.0.0.0 Safari/537.36",
        "ip_location": "Private Network, Local",
        "url": "/LMS/public/staff/index.php?action=servelogo&image=logo.png",
        "ip": "::1",
        "http_method": "GET",
        "server": "localhost",
        "referrer": "http://localhost/LMS/public/staff/index.php?action=profile"
    }
}
{
    "message": "Serving logo image: logo.png",
    "context": {},
    "level": 200,
    "level_name": "INFO",
    "channel": "library_system",
    "datetime": "2025-08-28T09:42:33.128648+02:00",
    "extra": {
        "user_agent": "Mozilla/5.0 (Windows NT 10.0; Win64; x64) AppleWebKit/537.36 (KHTML, like Gecko) Chrome/139.0.0.0 Safari/537.36",
        "ip_location": "Private Network, Local",
        "url": "/LMS/public/staff/index.php?action=servelogo&image=logo.png",
        "ip": "::1",
        "http_method": "GET",
        "server": "localhost",
        "referrer": "http://localhost/LMS/public/staff/index.php?action=staffmanagement"
    }
}
{
    "message": "Serving logo image: logo.png",
    "context": {},
    "level": 200,
    "level_name": "INFO",
    "channel": "library_system",
    "datetime": "2025-08-28T09:42:35.413266+02:00",
    "extra": {
        "user_agent": "Mozilla/5.0 (Windows NT 10.0; Win64; x64) AppleWebKit/537.36 (KHTML, like Gecko) Chrome/139.0.0.0 Safari/537.36",
        "ip_location": "Private Network, Local",
        "url": "/LMS/public/staff/index.php?action=servelogo&image=logo.png",
        "ip": "::1",
        "http_method": "GET",
        "server": "localhost",
        "referrer": "http://localhost/LMS/public/staff/index.php?action=bookmanagement"
    }
}
{
    "message": "Serving logo image: logo.png",
    "context": {},
    "level": 200,
    "level_name": "INFO",
    "channel": "library_system",
    "datetime": "2025-08-28T09:42:37.999866+02:00",
    "extra": {
        "user_agent": "Mozilla/5.0 (Windows NT 10.0; Win64; x64) AppleWebKit/537.36 (KHTML, like Gecko) Chrome/139.0.0.0 Safari/537.36",
        "ip_location": "Private Network, Local",
        "url": "/LMS/public/staff/index.php?action=servelogo&image=logo.png",
        "ip": "::1",
        "http_method": "GET",
        "server": "localhost",
        "referrer": "http://localhost/LMS/public/staff/index.php?action=addBook"
    }
}
{
    "message": "Serving logo image: logo.png",
    "context": {},
    "level": 200,
    "level_name": "INFO",
    "channel": "library_system",
    "datetime": "2025-08-28T09:42:43.584288+02:00",
    "extra": {
        "user_agent": "Mozilla/5.0 (Windows NT 10.0; Win64; x64) AppleWebKit/537.36 (KHTML, like Gecko) Chrome/139.0.0.0 Safari/537.36",
        "ip_location": "Private Network, Local",
        "url": "/LMS/public/staff/index.php?action=servelogo&image=logo.png",
        "ip": "::1",
        "http_method": "GET",
        "server": "localhost",
        "referrer": "http://localhost/LMS/public/staff/index.php?action=viewBooks"
    }
}
{
    "message": "Serving logo image: logo.png",
    "context": {},
    "level": 200,
    "level_name": "INFO",
    "channel": "library_system",
    "datetime": "2025-08-28T09:42:55.376441+02:00",
    "extra": {
        "user_agent": "Mozilla/5.0 (Windows NT 10.0; Win64; x64) AppleWebKit/537.36 (KHTML, like Gecko) Chrome/139.0.0.0 Safari/537.36",
        "ip_location": "Private Network, Local",
        "url": "/LMS/public/staff/index.php?action=servelogo&image=logo.png",
        "ip": "::1",
        "http_method": "GET",
        "server": "localhost",
        "referrer": "http://localhost/LMS/public/staff/index.php?action=bookmanagement"
    }
}
{
    "message": "Serving logo image: logo.png",
    "context": {},
    "level": 200,
    "level_name": "INFO",
    "channel": "library_system",
    "datetime": "2025-08-28T09:42:59.218786+02:00",
    "extra": {
        "user_agent": "Mozilla/5.0 (Windows NT 10.0; Win64; x64) AppleWebKit/537.36 (KHTML, like Gecko) Chrome/139.0.0.0 Safari/537.36",
        "ip_location": "Private Network, Local",
        "url": "/LMS/public/staff/index.php?action=servelogo&image=logo.png",
        "ip": "::1",
        "http_method": "GET",
        "server": "localhost",
        "referrer": "http://localhost/LMS/public/staff/index.php?action=circulationmanagement"
    }
}
{
    "message": "Serving logo image: logo.png",
    "context": {},
    "level": 200,
    "level_name": "INFO",
    "channel": "library_system",
    "datetime": "2025-08-28T09:43:02.070805+02:00",
    "extra": {
        "user_agent": "Mozilla/5.0 (Windows NT 10.0; Win64; x64) AppleWebKit/537.36 (KHTML, like Gecko) Chrome/139.0.0.0 Safari/537.36",
        "ip_location": "Private Network, Local",
        "url": "/LMS/public/staff/index.php?action=servelogo&image=logo.png",
        "ip": "::1",
        "http_method": "GET",
        "server": "localhost",
        "referrer": "http://localhost/LMS/public/staff/index.php?action=membermanagement"
    }
}
{
    "message": "Serving logo image: logo.png",
    "context": {},
    "level": 200,
    "level_name": "INFO",
    "channel": "library_system",
    "datetime": "2025-08-28T09:43:04.917457+02:00",
    "extra": {
        "user_agent": "Mozilla/5.0 (Windows NT 10.0; Win64; x64) AppleWebKit/537.36 (KHTML, like Gecko) Chrome/139.0.0.0 Safari/537.36",
        "ip_location": "Private Network, Local",
        "url": "/LMS/public/staff/index.php?action=servelogo&image=logo.png",
        "ip": "::1",
        "http_method": "GET",
        "server": "localhost",
        "referrer": "http://localhost/LMS/public/staff/index.php?action=paymentmanagement"
    }
}
{
    "message": "Fetching payments",
    "context": {
        "page": "1",
        "memberId": "",
        "paymentType": "",
        "transactionId": ""
    },
    "level": 200,
    "level_name": "INFO",
    "channel": "library_system",
    "datetime": "2025-08-28T09:43:04.986774+02:00",
    "extra": {
        "user_agent": "Mozilla/5.0 (Windows NT 10.0; Win64; x64) AppleWebKit/537.36 (KHTML, like Gecko) Chrome/139.0.0.0 Safari/537.36",
        "ip_location": "Private Network, Local",
        "url": "/LMS/public/staff/index.php?action=loadpayments",
        "ip": "::1",
        "http_method": "POST",
        "server": "localhost",
        "referrer": "http://localhost/LMS/public/staff/index.php?action=paymentmanagement"
    }
}
{
    "message": "Serving logo image: logo.png",
    "context": {},
    "level": 200,
    "level_name": "INFO",
    "channel": "library_system",
    "datetime": "2025-08-28T09:43:12.225096+02:00",
    "extra": {
        "user_agent": "Mozilla/5.0 (Windows NT 10.0; Win64; x64) AppleWebKit/537.36 (KHTML, like Gecko) Chrome/139.0.0.0 Safari/537.36",
        "ip_location": "Private Network, Local",
        "url": "/LMS/public/staff/index.php?action=servelogo&image=logo.png",
        "ip": "::1",
        "http_method": "GET",
        "server": "localhost",
        "referrer": "http://localhost/LMS/public/staff/index.php?action=librarysetup"
    }
}
{
    "message": "Loading library information.",
    "context": {},
    "level": 200,
    "level_name": "INFO",
    "channel": "library_system",
    "datetime": "2025-08-28T09:43:12.286011+02:00",
    "extra": {
        "user_agent": "Mozilla/5.0 (Windows NT 10.0; Win64; x64) AppleWebKit/537.36 (KHTML, like Gecko) Chrome/139.0.0.0 Safari/537.36",
        "ip_location": "Private Network, Local",
        "url": "/LMS/public/staff/index.php?action=getlibraryinfo",
        "ip": "::1",
        "http_method": "POST",
        "server": "localhost",
        "referrer": "http://localhost/LMS/public/staff/index.php?action=librarysetup"
    }
}
{
    "message": "Library information loaded successfully.",
    "context": {},
    "level": 200,
    "level_name": "INFO",
    "channel": "library_system",
    "datetime": "2025-08-28T09:43:12.313884+02:00",
    "extra": {
        "user_agent": "Mozilla/5.0 (Windows NT 10.0; Win64; x64) AppleWebKit/537.36 (KHTML, like Gecko) Chrome/139.0.0.0 Safari/537.36",
        "ip_location": "Private Network, Local",
        "url": "/LMS/public/staff/index.php?action=getlibraryinfo",
        "ip": "::1",
        "http_method": "POST",
        "server": "localhost",
        "referrer": "http://localhost/LMS/public/staff/index.php?action=librarysetup"
    }
}
{
    "message": "Loading opening hours.",
    "context": {},
    "level": 200,
    "level_name": "INFO",
    "channel": "library_system",
    "datetime": "2025-08-28T09:43:12.353295+02:00",
    "extra": {
        "user_agent": "Mozilla/5.0 (Windows NT 10.0; Win64; x64) AppleWebKit/537.36 (KHTML, like Gecko) Chrome/139.0.0.0 Safari/537.36",
        "ip_location": "Private Network, Local",
        "url": "/LMS/public/staff/index.php?action=getopeninghours",
        "ip": "::1",
        "http_method": "POST",
        "server": "localhost",
        "referrer": "http://localhost/LMS/public/staff/index.php?action=librarysetup"
    }
}
{
    "message": "Opening hours loaded successfully.",
    "context": {},
    "level": 200,
    "level_name": "INFO",
    "channel": "library_system",
    "datetime": "2025-08-28T09:43:12.356133+02:00",
    "extra": {
        "user_agent": "Mozilla/5.0 (Windows NT 10.0; Win64; x64) AppleWebKit/537.36 (KHTML, like Gecko) Chrome/139.0.0.0 Safari/537.36",
        "ip_location": "Private Network, Local",
        "url": "/LMS/public/staff/index.php?action=getopeninghours",
        "ip": "::1",
        "http_method": "POST",
        "server": "localhost",
        "referrer": "http://localhost/LMS/public/staff/index.php?action=librarysetup"
    }
}
{
    "message": "Serving logo image: logo.png",
    "context": {},
    "level": 200,
    "level_name": "INFO",
    "channel": "library_system",
    "datetime": "2025-08-28T09:43:12.393967+02:00",
    "extra": {
        "user_agent": "Mozilla/5.0 (Windows NT 10.0; Win64; x64) AppleWebKit/537.36 (KHTML, like Gecko) Chrome/139.0.0.0 Safari/537.36",
        "ip_location": "Private Network, Local",
        "url": "/LMS/public/staff/index.php?action=servelogo&image=logo.png",
        "ip": "::1",
        "http_method": "GET",
        "server": "localhost",
        "referrer": "http://localhost/LMS/public/staff/index.php?action=librarysetup"
    }
}
{
    "message": "Serving logo image: logo.png",
    "context": {},
    "level": 200,
    "level_name": "INFO",
    "channel": "library_system",
    "datetime": "2025-08-28T09:43:15.605625+02:00",
    "extra": {
        "user_agent": "Mozilla/5.0 (Windows NT 10.0; Win64; x64) AppleWebKit/537.36 (KHTML, like Gecko) Chrome/139.0.0.0 Safari/537.36",
        "ip_location": "Private Network, Local",
        "url": "/LMS/public/staff/index.php?action=servelogo&image=logo.png",
        "ip": "::1",
        "http_method": "GET",
        "server": "localhost",
        "referrer": "http://localhost/LMS/public/staff/index.php?action=loggers"
    }
}
{
    "message": "Serving logo image: logo.png",
    "context": {},
    "level": 200,
    "level_name": "INFO",
    "channel": "library_system",
    "datetime": "2025-08-28T09:43:18.740428+02:00",
    "extra": {
        "user_agent": "Mozilla/5.0 (Windows NT 10.0; Win64; x64) AppleWebKit/537.36 (KHTML, like Gecko) Chrome/139.0.0.0 Safari/537.36",
        "ip_location": "Private Network, Local",
        "url": "/LMS/public/staff/index.php?action=servelogo&image=logo.png",
        "ip": "::1",
        "http_method": "GET",
        "server": "localhost",
        "referrer": "http://localhost/LMS/public/staff/index.php?action=aboutsoftware"
    }
}
{
    "message": "Serving logo image: logo.png",
    "context": {},
    "level": 200,
    "level_name": "INFO",
    "channel": "library_system",
    "datetime": "2025-08-28T09:43:20.828162+02:00",
    "extra": {
        "user_agent": "Mozilla/5.0 (Windows NT 10.0; Win64; x64) AppleWebKit/537.36 (KHTML, like Gecko) Chrome/139.0.0.0 Safari/537.36",
        "ip_location": "Private Network, Local",
        "url": "/LMS/public/staff/index.php?action=servelogo&image=logo.png",
        "ip": "::1",
        "http_method": "GET",
        "server": "localhost",
        "referrer": "http://localhost/LMS/public/staff/index.php?action=dashboard"
    }
}
{
    "message": "Login attempt received",
    "context": {
        "member_id": "M-000001"
    },
    "level": 200,
    "level_name": "INFO",
    "channel": "library_system",
    "datetime": "2025-08-28T09:43:59.502171+02:00",
    "extra": {
        "user_agent": "Mozilla/5.0 (Windows NT 10.0; Win64; x64) AppleWebKit/537.36 (KHTML, like Gecko) Chrome/139.0.0.0 Safari/537.36",
        "ip_location": "Private Network, Local",
        "url": "/LMS/public/member/index.php?action=memberlogin",
        "ip": "::1",
        "http_method": "POST",
        "server": "localhost",
        "referrer": "http://localhost/LMS/public/member/index.php?action=login"
    }
}
{
    "message": "Deactivated account tried to login",
    "context": {
        "member_id": "M-000001"
    },
    "level": 300,
    "level_name": "WARNING",
    "channel": "library_system",
    "datetime": "2025-08-28T09:43:59.595411+02:00",
    "extra": {
        "user_agent": "Mozilla/5.0 (Windows NT 10.0; Win64; x64) AppleWebKit/537.36 (KHTML, like Gecko) Chrome/139.0.0.0 Safari/537.36",
        "ip_location": "Private Network, Local",
        "url": "/LMS/public/member/index.php?action=memberlogin",
        "ip": "::1",
        "http_method": "POST",
        "server": "localhost",
        "referrer": "http://localhost/LMS/public/member/index.php?action=login"
    }
}
{
    "message": "Serving logo image: logo.png",
    "context": {},
    "level": 200,
    "level_name": "INFO",
    "channel": "library_system",
    "datetime": "2025-08-28T09:49:06.763894+02:00",
    "extra": {
        "user_agent": "Mozilla/5.0 (Windows NT 10.0; Win64; x64) AppleWebKit/537.36 (KHTML, like Gecko) Chrome/139.0.0.0 Safari/537.36",
        "ip_location": "Private Network, Local",
        "url": "/LMS/public/staff/index.php?action=servelogo&image=logo.png",
        "ip": "::1",
        "http_method": "GET",
        "server": "localhost",
        "referrer": "http://localhost/LMS/public/staff/index.php?action=dashboard"
    }
}
{
    "message": "Logging out user",
    "context": {
        "staff_id": "S-000001"
    },
    "level": 200,
    "level_name": "INFO",
    "channel": "library_system",
    "datetime": "2025-08-28T09:49:10.069458+02:00",
    "extra": {
        "user_agent": "Mozilla/5.0 (Windows NT 10.0; Win64; x64) AppleWebKit/537.36 (KHTML, like Gecko) Chrome/139.0.0.0 Safari/537.36",
        "ip_location": "Private Network, Local",
        "url": "/LMS/public/staff/index.php?action=logout",
        "ip": "::1",
        "http_method": "GET",
        "server": "localhost",
        "referrer": "http://localhost/LMS/public/staff/index.php?action=dashboard"
    }
}
{
    "message": "Cleared cookie",
    "context": {
        "cookie_name": "staff_remember_token"
    },
    "level": 200,
    "level_name": "INFO",
    "channel": "library_system",
    "datetime": "2025-08-28T09:49:10.071198+02:00",
    "extra": {
        "user_agent": "Mozilla/5.0 (Windows NT 10.0; Win64; x64) AppleWebKit/537.36 (KHTML, like Gecko) Chrome/139.0.0.0 Safari/537.36",
        "ip_location": "Private Network, Local",
        "url": "/LMS/public/staff/index.php?action=logout",
        "ip": "::1",
        "http_method": "GET",
        "server": "localhost",
        "referrer": "http://localhost/LMS/public/staff/index.php?action=dashboard"
    }
}
{
    "message": "Cleared cookie",
    "context": {
        "cookie_name": "staffid"
    },
    "level": 200,
    "level_name": "INFO",
    "channel": "library_system",
    "datetime": "2025-08-28T09:49:10.071361+02:00",
    "extra": {
        "user_agent": "Mozilla/5.0 (Windows NT 10.0; Win64; x64) AppleWebKit/537.36 (KHTML, like Gecko) Chrome/139.0.0.0 Safari/537.36",
        "ip_location": "Private Network, Local",
        "url": "/LMS/public/staff/index.php?action=logout",
        "ip": "::1",
        "http_method": "GET",
        "server": "localhost",
        "referrer": "http://localhost/LMS/public/staff/index.php?action=dashboard"
    }
}
{
    "message": "Login attempt received",
    "context": {
        "member_id": "M-000001"
    },
    "level": 200,
    "level_name": "INFO",
    "channel": "library_system",
    "datetime": "2025-08-28T10:06:43.039997+02:00",
    "extra": {
        "user_agent": "Mozilla/5.0 (Windows NT 10.0; Win64; x64) AppleWebKit/537.36 (KHTML, like Gecko) Chrome/139.0.0.0 Safari/537.36",
        "ip_location": "Private Network, Local",
        "url": "/LMS/public/member/index.php?action=memberlogin",
        "ip": "::1",
        "http_method": "POST",
        "server": "localhost",
        "referrer": "http://localhost/LMS/public/member/index.php?action=login"
    }
}
{
    "message": "Deactivated account tried to login",
    "context": {
        "member_id": "M-000001"
    },
    "level": 300,
    "level_name": "WARNING",
    "channel": "library_system",
    "datetime": "2025-08-28T10:06:43.175074+02:00",
    "extra": {
        "user_agent": "Mozilla/5.0 (Windows NT 10.0; Win64; x64) AppleWebKit/537.36 (KHTML, like Gecko) Chrome/139.0.0.0 Safari/537.36",
        "ip_location": "Private Network, Local",
        "url": "/LMS/public/member/index.php?action=memberlogin",
        "ip": "::1",
        "http_method": "POST",
        "server": "localhost",
        "referrer": "http://localhost/LMS/public/member/index.php?action=login"
    }
}
{
    "message": "Login attempt received",
    "context": {
        "member_id": "M-000001"
    },
    "level": 200,
    "level_name": "INFO",
    "channel": "library_system",
    "datetime": "2025-08-28T10:08:39.895116+02:00",
    "extra": {
        "user_agent": "Mozilla/5.0 (Windows NT 10.0; Win64; x64) AppleWebKit/537.36 (KHTML, like Gecko) Chrome/139.0.0.0 Safari/537.36",
        "ip_location": "Private Network, Local",
        "url": "/LMS/public/member/index.php?action=memberlogin",
        "ip": "::1",
        "http_method": "POST",
        "server": "localhost",
        "referrer": "http://localhost/LMS/public/member/index.php?action=login"
    }
}
{
    "message": "Deactivated account tried to login",
    "context": {
        "member_id": "M-000001"
    },
    "level": 300,
    "level_name": "WARNING",
    "channel": "library_system",
    "datetime": "2025-08-28T10:08:39.995765+02:00",
    "extra": {
        "user_agent": "Mozilla/5.0 (Windows NT 10.0; Win64; x64) AppleWebKit/537.36 (KHTML, like Gecko) Chrome/139.0.0.0 Safari/537.36",
        "ip_location": "Private Network, Local",
        "url": "/LMS/public/member/index.php?action=memberlogin",
        "ip": "::1",
        "http_method": "POST",
        "server": "localhost",
        "referrer": "http://localhost/LMS/public/member/index.php?action=login"
    }
}
{
    "message": "Login attempt received",
    "context": {
        "member_id": "M-000001"
    },
    "level": 200,
    "level_name": "INFO",
    "channel": "library_system",
    "datetime": "2025-08-28T10:09:08.824974+02:00",
    "extra": {
        "user_agent": "Mozilla/5.0 (Windows NT 10.0; Win64; x64) AppleWebKit/537.36 (KHTML, like Gecko) Chrome/139.0.0.0 Safari/537.36",
        "ip_location": "Private Network, Local",
        "url": "/LMS/public/member/index.php?action=memberlogin",
        "ip": "::1",
        "http_method": "POST",
        "server": "localhost",
        "referrer": "http://localhost/LMS/public/member/index.php?action=login"
    }
}
{
    "message": "Session initialized for member_id: M-000001",
    "context": {},
    "level": 200,
    "level_name": "INFO",
    "channel": "library_system",
    "datetime": "2025-08-28T10:09:08.916780+02:00",
    "extra": {
        "user_agent": "Mozilla/5.0 (Windows NT 10.0; Win64; x64) AppleWebKit/537.36 (KHTML, like Gecko) Chrome/139.0.0.0 Safari/537.36",
        "ip_location": "Private Network, Local",
        "url": "/LMS/public/member/index.php?action=memberlogin",
        "ip": "::1",
        "http_method": "POST",
        "server": "localhost",
        "referrer": "http://localhost/LMS/public/member/index.php?action=login"
    }
}
{
    "message": "Remember me token cleared",
    "context": {
        "member_id": "M-000001"
    },
    "level": 200,
    "level_name": "INFO",
    "channel": "library_system",
    "datetime": "2025-08-28T10:09:08.917541+02:00",
    "extra": {
        "user_agent": "Mozilla/5.0 (Windows NT 10.0; Win64; x64) AppleWebKit/537.36 (KHTML, like Gecko) Chrome/139.0.0.0 Safari/537.36",
        "ip_location": "Private Network, Local",
        "url": "/LMS/public/member/index.php?action=memberlogin",
        "ip": "::1",
        "http_method": "POST",
        "server": "localhost",
        "referrer": "http://localhost/LMS/public/member/index.php?action=login"
    }
}
{
    "message": "User successfully logged in",
    "context": {
        "member_id": "M-000001"
    },
    "level": 200,
    "level_name": "INFO",
    "channel": "library_system",
    "datetime": "2025-08-28T10:09:08.917621+02:00",
    "extra": {
        "user_agent": "Mozilla/5.0 (Windows NT 10.0; Win64; x64) AppleWebKit/537.36 (KHTML, like Gecko) Chrome/139.0.0.0 Safari/537.36",
        "ip_location": "Private Network, Local",
        "url": "/LMS/public/member/index.php?action=memberlogin",
        "ip": "::1",
        "http_method": "POST",
        "server": "localhost",
        "referrer": "http://localhost/LMS/public/member/index.php?action=login"
    }
}
{
    "message": "Login attempt",
    "context": {
        "staffid": "S-000001",
        "remember_me": false
    },
    "level": 200,
    "level_name": "INFO",
    "channel": "library_system",
    "datetime": "2025-08-28T10:09:24.856565+02:00",
    "extra": {
        "user_agent": "Mozilla/5.0 (Windows NT 10.0; Win64; x64) AppleWebKit/537.36 (KHTML, like Gecko) Chrome/139.0.0.0 Safari/537.36",
        "ip_location": "Private Network, Local",
        "url": "/LMS/public/staff/index.php?action=loginProcess",
        "ip": "::1",
        "http_method": "POST",
        "server": "localhost",
        "referrer": "http://localhost/LMS/public/staff/index.php"
    }
}
{
    "message": "Session initialized for staff_id: S-000001",
    "context": {},
    "level": 200,
    "level_name": "INFO",
    "channel": "library_system",
    "datetime": "2025-08-28T10:09:24.947990+02:00",
    "extra": {
        "user_agent": "Mozilla/5.0 (Windows NT 10.0; Win64; x64) AppleWebKit/537.36 (KHTML, like Gecko) Chrome/139.0.0.0 Safari/537.36",
        "ip_location": "Private Network, Local",
        "url": "/LMS/public/staff/index.php?action=loginProcess",
        "ip": "::1",
        "http_method": "POST",
        "server": "localhost",
        "referrer": "http://localhost/LMS/public/staff/index.php"
    }
}
{
    "message": "Cleared cookie",
    "context": {
        "cookie_name": "staff_remember_token"
    },
    "level": 200,
    "level_name": "INFO",
    "channel": "library_system",
    "datetime": "2025-08-28T10:09:24.948728+02:00",
    "extra": {
        "user_agent": "Mozilla/5.0 (Windows NT 10.0; Win64; x64) AppleWebKit/537.36 (KHTML, like Gecko) Chrome/139.0.0.0 Safari/537.36",
        "ip_location": "Private Network, Local",
        "url": "/LMS/public/staff/index.php?action=loginProcess",
        "ip": "::1",
        "http_method": "POST",
        "server": "localhost",
        "referrer": "http://localhost/LMS/public/staff/index.php"
    }
}
{
    "message": "Loaded modules for role",
    "context": {
        "role": 1,
        "modules_count": 7
    },
    "level": 200,
    "level_name": "INFO",
    "channel": "library_system",
    "datetime": "2025-08-28T10:09:24.949372+02:00",
    "extra": {
        "user_agent": "Mozilla/5.0 (Windows NT 10.0; Win64; x64) AppleWebKit/537.36 (KHTML, like Gecko) Chrome/139.0.0.0 Safari/537.36",
        "ip_location": "Private Network, Local",
        "url": "/LMS/public/staff/index.php?action=loginProcess",
        "ip": "::1",
        "http_method": "POST",
        "server": "localhost",
        "referrer": "http://localhost/LMS/public/staff/index.php"
    }
}
{
    "message": "Login successful",
    "context": {
        "staff_id": "S-000001"
    },
    "level": 200,
    "level_name": "INFO",
    "channel": "library_system",
    "datetime": "2025-08-28T10:09:24.949446+02:00",
    "extra": {
        "user_agent": "Mozilla/5.0 (Windows NT 10.0; Win64; x64) AppleWebKit/537.36 (KHTML, like Gecko) Chrome/139.0.0.0 Safari/537.36",
        "ip_location": "Private Network, Local",
        "url": "/LMS/public/staff/index.php?action=loginProcess",
        "ip": "::1",
        "http_method": "POST",
        "server": "localhost",
        "referrer": "http://localhost/LMS/public/staff/index.php"
    }
}
{
    "message": "Serving logo image: logo.png",
    "context": {},
    "level": 200,
    "level_name": "INFO",
    "channel": "library_system",
    "datetime": "2025-08-28T10:09:25.086706+02:00",
    "extra": {
        "user_agent": "Mozilla/5.0 (Windows NT 10.0; Win64; x64) AppleWebKit/537.36 (KHTML, like Gecko) Chrome/139.0.0.0 Safari/537.36",
        "ip_location": "Private Network, Local",
        "url": "/LMS/public/staff/index.php?action=servelogo&image=logo.png",
        "ip": "::1",
        "http_method": "GET",
        "server": "localhost",
        "referrer": "http://localhost/LMS/public/staff/index.php?action=dashboard"
    }
}
{
    "message": "Serving logo image: logo.png",
    "context": {},
    "level": 200,
    "level_name": "INFO",
    "channel": "library_system",
    "datetime": "2025-08-28T10:10:06.102876+02:00",
    "extra": {
        "user_agent": "Mozilla/5.0 (Windows NT 10.0; Win64; x64) AppleWebKit/537.36 (KHTML, like Gecko) Chrome/139.0.0.0 Safari/537.36",
        "ip_location": "Private Network, Local",
        "url": "/LMS/public/staff/index.php?action=servelogo&image=logo.png",
        "ip": "::1",
        "http_method": "GET",
        "server": "localhost",
        "referrer": "http://localhost/LMS/public/staff/index.php?action=bookmanagement"
    }
}
{
    "message": "Serving logo image: logo.png",
    "context": {},
    "level": 200,
    "level_name": "INFO",
    "channel": "library_system",
    "datetime": "2025-08-28T10:11:17.891203+02:00",
    "extra": {
        "user_agent": "Mozilla/5.0 (Windows NT 10.0; Win64; x64) AppleWebKit/537.36 (KHTML, like Gecko) Chrome/139.0.0.0 Safari/537.36",
        "ip_location": "Private Network, Local",
        "url": "/LMS/public/staff/index.php?action=servelogo&image=logo.png",
        "ip": "::1",
        "http_method": "GET",
        "server": "localhost",
        "referrer": "http://localhost/LMS/public/staff/index.php?action=dashboard"
    }
}
{
    "message": "Serving logo image: logo.png",
    "context": {},
    "level": 200,
    "level_name": "INFO",
    "channel": "library_system",
    "datetime": "2025-08-28T10:11:57.299346+02:00",
    "extra": {
        "user_agent": "Mozilla/5.0 (Windows NT 10.0; Win64; x64) AppleWebKit/537.36 (KHTML, like Gecko) Chrome/139.0.0.0 Safari/537.36",
        "ip_location": "Private Network, Local",
        "url": "/LMS/public/staff/index.php?action=servelogo&image=logo.png",
        "ip": "::1",
        "http_method": "GET",
        "server": "localhost",
        "referrer": "http://localhost/LMS/public/staff/index.php?action=bookmanagement"
    }
}
{
    "message": "Serving logo image: logo.png",
    "context": {},
    "level": 200,
    "level_name": "INFO",
    "channel": "library_system",
    "datetime": "2025-08-28T10:12:16.916986+02:00",
    "extra": {
        "user_agent": "Mozilla/5.0 (Windows NT 10.0; Win64; x64) AppleWebKit/537.36 (KHTML, like Gecko) Chrome/139.0.0.0 Safari/537.36",
        "ip_location": "Private Network, Local",
        "url": "/LMS/public/staff/index.php?action=servelogo&image=logo.png",
        "ip": "::1",
        "http_method": "GET",
        "server": "localhost",
        "referrer": "http://localhost/LMS/public/staff/index.php?action=dashboard"
    }
}
{
    "message": "Serving logo image: logo.png",
    "context": {},
    "level": 200,
    "level_name": "INFO",
    "channel": "library_system",
    "datetime": "2025-08-28T10:25:19.099882+02:00",
    "extra": {
        "user_agent": "Mozilla/5.0 (Windows NT 10.0; Win64; x64) AppleWebKit/537.36 (KHTML, like Gecko) Chrome/139.0.0.0 Safari/537.36",
        "ip_location": "Private Network, Local",
        "url": "/LMS/public/staff/index.php?action=servelogo&image=logo.png",
        "ip": "::1",
        "http_method": "GET",
        "server": "localhost",
        "referrer": "http://localhost/LMS/public/staff/index.php?action=loggers"
    }
}
{
    "message": "Serving logo image: logo.png",
    "context": {},
    "level": 200,
    "level_name": "INFO",
    "channel": "library_system",
    "datetime": "2025-08-28T10:25:46.305753+02:00",
    "extra": {
        "user_agent": "Mozilla/5.0 (Windows NT 10.0; Win64; x64) AppleWebKit/537.36 (KHTML, like Gecko) Chrome/139.0.0.0 Safari/537.36",
        "ip_location": "Private Network, Local",
        "url": "/LMS/public/staff/index.php?action=servelogo&image=logo.png",
        "ip": "::1",
        "http_method": "GET",
        "server": "localhost",
        "referrer": "http://localhost/LMS/public/staff/index.php?action=librarysetup"
    }
}
{
    "message": "Loading library information.",
    "context": {},
    "level": 200,
    "level_name": "INFO",
    "channel": "library_system",
    "datetime": "2025-08-28T10:25:46.374322+02:00",
    "extra": {
        "user_agent": "Mozilla/5.0 (Windows NT 10.0; Win64; x64) AppleWebKit/537.36 (KHTML, like Gecko) Chrome/139.0.0.0 Safari/537.36",
        "ip_location": "Private Network, Local",
        "url": "/LMS/public/staff/index.php?action=getlibraryinfo",
        "ip": "::1",
        "http_method": "POST",
        "server": "localhost",
        "referrer": "http://localhost/LMS/public/staff/index.php?action=librarysetup"
    }
}
{
    "message": "Library information loaded successfully.",
    "context": {},
    "level": 200,
    "level_name": "INFO",
    "channel": "library_system",
    "datetime": "2025-08-28T10:25:46.393468+02:00",
    "extra": {
        "user_agent": "Mozilla/5.0 (Windows NT 10.0; Win64; x64) AppleWebKit/537.36 (KHTML, like Gecko) Chrome/139.0.0.0 Safari/537.36",
        "ip_location": "Private Network, Local",
        "url": "/LMS/public/staff/index.php?action=getlibraryinfo",
        "ip": "::1",
        "http_method": "POST",
        "server": "localhost",
        "referrer": "http://localhost/LMS/public/staff/index.php?action=librarysetup"
    }
}
{
    "message": "Loading opening hours.",
    "context": {},
    "level": 200,
    "level_name": "INFO",
    "channel": "library_system",
    "datetime": "2025-08-28T10:25:46.417223+02:00",
    "extra": {
        "user_agent": "Mozilla/5.0 (Windows NT 10.0; Win64; x64) AppleWebKit/537.36 (KHTML, like Gecko) Chrome/139.0.0.0 Safari/537.36",
        "ip_location": "Private Network, Local",
        "url": "/LMS/public/staff/index.php?action=getopeninghours",
        "ip": "::1",
        "http_method": "POST",
        "server": "localhost",
        "referrer": "http://localhost/LMS/public/staff/index.php?action=librarysetup"
    }
}
{
    "message": "Opening hours loaded successfully.",
    "context": {},
    "level": 200,
    "level_name": "INFO",
    "channel": "library_system",
    "datetime": "2025-08-28T10:25:46.424107+02:00",
    "extra": {
        "user_agent": "Mozilla/5.0 (Windows NT 10.0; Win64; x64) AppleWebKit/537.36 (KHTML, like Gecko) Chrome/139.0.0.0 Safari/537.36",
        "ip_location": "Private Network, Local",
        "url": "/LMS/public/staff/index.php?action=getopeninghours",
        "ip": "::1",
        "http_method": "POST",
        "server": "localhost",
        "referrer": "http://localhost/LMS/public/staff/index.php?action=librarysetup"
    }
}
{
    "message": "Serving logo image: logo.png",
    "context": {},
    "level": 200,
    "level_name": "INFO",
    "channel": "library_system",
    "datetime": "2025-08-28T10:25:46.445609+02:00",
    "extra": {
        "user_agent": "Mozilla/5.0 (Windows NT 10.0; Win64; x64) AppleWebKit/537.36 (KHTML, like Gecko) Chrome/139.0.0.0 Safari/537.36",
        "ip_location": "Private Network, Local",
        "url": "/LMS/public/staff/index.php?action=servelogo&image=logo.png",
        "ip": "::1",
        "http_method": "GET",
        "server": "localhost",
        "referrer": "http://localhost/LMS/public/staff/index.php?action=librarysetup"
    }
}
{
    "message": "Serving logo image: logo.png",
    "context": {},
    "level": 200,
    "level_name": "INFO",
    "channel": "library_system",
    "datetime": "2025-08-28T10:25:47.719622+02:00",
    "extra": {
        "user_agent": "Mozilla/5.0 (Windows NT 10.0; Win64; x64) AppleWebKit/537.36 (KHTML, like Gecko) Chrome/139.0.0.0 Safari/537.36",
        "ip_location": "Private Network, Local",
        "url": "/LMS/public/staff/index.php?action=servelogo&image=logo.png",
        "ip": "::1",
        "http_method": "GET",
        "server": "localhost",
        "referrer": "http://localhost/LMS/public/staff/index.php?action=loggers"
    }
}
{
    "message": "Login attempt received",
    "context": {
        "member_id": "M-000001"
    },
    "level": 200,
    "level_name": "INFO",
    "channel": "library_system",
    "datetime": "2025-08-28T10:29:43.179721+02:00",
    "extra": {
        "user_agent": "Mozilla/5.0 (Windows NT 10.0; Win64; x64) AppleWebKit/537.36 (KHTML, like Gecko) Chrome/139.0.0.0 Safari/537.36",
        "ip_location": "Private Network, Local",
        "url": "/LMS/public/member/index.php?action=memberlogin",
        "ip": "::1",
        "http_method": "POST",
        "server": "localhost",
        "referrer": "http://localhost/LMS/public/member/index.php?action=login"
    }
}
{
    "message": "Session initialized for member_id: M-000001",
    "context": {},
    "level": 200,
    "level_name": "INFO",
    "channel": "library_system",
    "datetime": "2025-08-28T10:29:43.276263+02:00",
    "extra": {
        "user_agent": "Mozilla/5.0 (Windows NT 10.0; Win64; x64) AppleWebKit/537.36 (KHTML, like Gecko) Chrome/139.0.0.0 Safari/537.36",
        "ip_location": "Private Network, Local",
        "url": "/LMS/public/member/index.php?action=memberlogin",
        "ip": "::1",
        "http_method": "POST",
        "server": "localhost",
        "referrer": "http://localhost/LMS/public/member/index.php?action=login"
    }
}
{
    "message": "Remember me token cleared",
    "context": {
        "member_id": "M-000001"
    },
    "level": 200,
    "level_name": "INFO",
    "channel": "library_system",
    "datetime": "2025-08-28T10:29:43.277157+02:00",
    "extra": {
        "user_agent": "Mozilla/5.0 (Windows NT 10.0; Win64; x64) AppleWebKit/537.36 (KHTML, like Gecko) Chrome/139.0.0.0 Safari/537.36",
        "ip_location": "Private Network, Local",
        "url": "/LMS/public/member/index.php?action=memberlogin",
        "ip": "::1",
        "http_method": "POST",
        "server": "localhost",
        "referrer": "http://localhost/LMS/public/member/index.php?action=login"
    }
}
{
    "message": "User successfully logged in",
    "context": {
        "member_id": "M-000001"
    },
    "level": 200,
    "level_name": "INFO",
    "channel": "library_system",
    "datetime": "2025-08-28T10:29:43.277250+02:00",
    "extra": {
        "user_agent": "Mozilla/5.0 (Windows NT 10.0; Win64; x64) AppleWebKit/537.36 (KHTML, like Gecko) Chrome/139.0.0.0 Safari/537.36",
        "ip_location": "Private Network, Local",
        "url": "/LMS/public/member/index.php?action=memberlogin",
        "ip": "::1",
        "http_method": "POST",
        "server": "localhost",
        "referrer": "http://localhost/LMS/public/member/index.php?action=login"
    }
}
